{"C:\\Code\\3Chords\\app\\+not-found.tsx": {"path":"C:\\Code\\3Chords\\app\\+not-found.tsx","statementMap":{"0":{"start":{"line":6,"column":2},"end":{"line":16,"column":4}},"1":{"start":{"line":19,"column":15},"end":{"line":34,"column":2}}},"fnMap":{"0":{"name":"NotFoundScreen","decl":{"start":{"line":5,"column":24},"end":{"line":5,"column":38}},"loc":{"start":{"line":5,"column":41},"end":{"line":17,"column":1}},"line":5}},"branchMap":{},"s":{"0":0,"1":0},"f":{"0":0},"b":{}}
,"C:\\Code\\3Chords\\app\\_layout.tsx": {"path":"C:\\Code\\3Chords\\app\\_layout.tsx","statementMap":{"0":{"start":{"line":13,"column":0},"end":{"line":15,"column":1}},"1":{"start":{"line":14,"column":2},"end":{"line":14,"column":64}},"2":{"start":{"line":17,"column":0},"end":{"line":17,"column":36}},"3":{"start":{"line":20,"column":38},"end":{"line":20,"column":53}},"4":{"start":{"line":21,"column":22},"end":{"line":21,"column":35}},"5":{"start":{"line":23,"column":2},"end":{"line":27,"column":32}},"6":{"start":{"line":24,"column":4},"end":{"line":26,"column":5}},"7":{"start":{"line":25,"column":6},"end":{"line":25,"column":31}},"8":{"start":{"line":29,"column":2},"end":{"line":31,"column":9}},"9":{"start":{"line":30,"column":4},"end":{"line":30,"column":23}},"10":{"start":{"line":34,"column":2},"end":{"line":36,"column":3}},"11":{"start":{"line":35,"column":4},"end":{"line":35,"column":16}},"12":{"start":{"line":38,"column":2},"end":{"line":51,"column":4}}},"fnMap":{"0":{"name":"RootLayout","decl":{"start":{"line":19,"column":24},"end":{"line":19,"column":34}},"loc":{"start":{"line":19,"column":37},"end":{"line":52,"column":1}},"line":19},"1":{"name":"(anonymous_1)","decl":{"start":{"line":23,"column":12},"end":{"line":23,"column":13}},"loc":{"start":{"line":23,"column":18},"end":{"line":27,"column":3}},"line":23},"2":{"name":"(anonymous_2)","decl":{"start":{"line":29,"column":12},"end":{"line":29,"column":13}},"loc":{"start":{"line":29,"column":18},"end":{"line":31,"column":3}},"line":29}},"branchMap":{"0":{"loc":{"start":{"line":13,"column":0},"end":{"line":15,"column":1}},"type":"if","locations":[{"start":{"line":13,"column":0},"end":{"line":15,"column":1}},{"start":{},"end":{}}],"line":13},"1":{"loc":{"start":{"line":24,"column":4},"end":{"line":26,"column":5}},"type":"if","locations":[{"start":{"line":24,"column":4},"end":{"line":26,"column":5}},{"start":{},"end":{}}],"line":24},"2":{"loc":{"start":{"line":24,"column":8},"end":{"line":24,"column":33}},"type":"binary-expr","locations":[{"start":{"line":24,"column":8},"end":{"line":24,"column":19}},{"start":{"line":24,"column":23},"end":{"line":24,"column":33}}],"line":24},"3":{"loc":{"start":{"line":34,"column":2},"end":{"line":36,"column":3}},"type":"if","locations":[{"start":{"line":34,"column":2},"end":{"line":36,"column":3}},{"start":{},"end":{}}],"line":34},"4":{"loc":{"start":{"line":34,"column":6},"end":{"line":34,"column":33}},"type":"binary-expr","locations":[{"start":{"line":34,"column":6},"end":{"line":34,"column":18}},{"start":{"line":34,"column":22},"end":{"line":34,"column":33}}],"line":34}},"s":{"0":0,"1":0,"2":0,"3":0,"4":0,"5":0,"6":0,"7":0,"8":0,"9":0,"10":0,"11":0,"12":0},"f":{"0":0,"1":0,"2":0},"b":{"0":[0,0],"1":[0,0],"2":[0,0],"3":[0,0],"4":[0,0]}}
,"C:\\Code\\3Chords\\app\\(auth)\\assessment.tsx": {"path":"C:\\Code\\3Chords\\app\\(auth)\\assessment.tsx","statementMap":{"0":{"start":{"line":10,"column":25},"end":{"line":19,"column":1}},"1":{"start":{"line":21,"column":21},"end":{"line":162,"column":2}},"2":{"start":{"line":21,"column":47},"end":{"line":162,"column":2}},"3":{"start":{"line":165,"column":19},"end":{"line":165,"column":35}},"4":{"start":{"line":166,"column":19},"end":{"line":166,"column":41}},"5":{"start":{"line":167,"column":38},"end":{"line":167,"column":63}},"6":{"start":{"line":168,"column":38},"end":{"line":168,"column":59}},"7":{"start":{"line":169,"column":32},"end":{"line":169,"column":46}},"8":{"start":{"line":170,"column":50},"end":{"line":170,"column":72}},"9":{"start":{"line":171,"column":42},"end":{"line":171,"column":54}},"10":{"start":{"line":172,"column":40},"end":{"line":172,"column":52}},"11":{"start":{"line":174,"column":22},"end":{"line":174,"column":35}},"12":{"start":{"line":175,"column":17},"end":{"line":175,"column":60}},"13":{"start":{"line":177,"column":2},"end":{"line":183,"column":19}},"14":{"start":{"line":178,"column":4},"end":{"line":182,"column":5}},"15":{"start":{"line":179,"column":6},"end":{"line":179,"column":24}},"16":{"start":{"line":181,"column":6},"end":{"line":181,"column":24}},"17":{"start":{"line":185,"column":26},"end":{"line":201,"column":3}},"18":{"start":{"line":186,"column":4},"end":{"line":186,"column":22}},"19":{"start":{"line":186,"column":15},"end":{"line":186,"column":22}},"20":{"start":{"line":188,"column":4},"end":{"line":200,"column":5}},"21":{"start":{"line":189,"column":22},"end":{"line":189,"column":52}},"22":{"start":{"line":190,"column":6},"end":{"line":194,"column":7}},"23":{"start":{"line":191,"column":8},"end":{"line":191,"column":54}},"24":{"start":{"line":192,"column":8},"end":{"line":192,"column":46}},"25":{"start":{"line":193,"column":8},"end":{"line":193,"column":44}},"26":{"start":{"line":196,"column":6},"end":{"line":196,"column":53}},"27":{"start":{"line":197,"column":6},"end":{"line":197,"column":58}},"28":{"start":{"line":199,"column":6},"end":{"line":199,"column":24}},"29":{"start":{"line":203,"column":24},"end":{"line":212,"column":3}},"30":{"start":{"line":204,"column":4},"end":{"line":204,"column":27}},"31":{"start":{"line":204,"column":20},"end":{"line":204,"column":27}},"32":{"start":{"line":206,"column":4},"end":{"line":211,"column":7}},"33":{"start":{"line":207,"column":6},"end":{"line":209,"column":7}},"34":{"start":{"line":208,"column":8},"end":{"line":208,"column":57}},"35":{"start":{"line":208,"column":42},"end":{"line":208,"column":55}},"36":{"start":{"line":210,"column":6},"end":{"line":210,"column":32}},"37":{"start":{"line":214,"column":23},"end":{"line":239,"column":3}},"38":{"start":{"line":215,"column":4},"end":{"line":215,"column":22}},"39":{"start":{"line":215,"column":15},"end":{"line":215,"column":22}},"40":{"start":{"line":217,"column":4},"end":{"line":238,"column":5}},"41":{"start":{"line":218,"column":45},"end":{"line":222,"column":7}},"42":{"start":{"line":224,"column":6},"end":{"line":230,"column":7}},"43":{"start":{"line":225,"column":8},"end":{"line":225,"column":58}},"44":{"start":{"line":226,"column":8},"end":{"line":226,"column":64}},"45":{"start":{"line":228,"column":8},"end":{"line":228,"column":71}},"46":{"start":{"line":229,"column":8},"end":{"line":229,"column":64}},"47":{"start":{"line":232,"column":6},"end":{"line":232,"column":26}},"48":{"start":{"line":233,"column":6},"end":{"line":233,"column":27}},"49":{"start":{"line":234,"column":6},"end":{"line":234,"column":32}},"50":{"start":{"line":236,"column":6},"end":{"line":236,"column":52}},"51":{"start":{"line":237,"column":6},"end":{"line":237,"column":58}},"52":{"start":{"line":241,"column":21},"end":{"line":244,"column":3}},"53":{"start":{"line":242,"column":4},"end":{"line":242,"column":25}},"54":{"start":{"line":243,"column":4},"end":{"line":243,"column":24}},"55":{"start":{"line":246,"column":2},"end":{"line":252,"column":3}},"56":{"start":{"line":247,"column":4},"end":{"line":251,"column":6}},"57":{"start":{"line":254,"column":2},"end":{"line":327,"column":4}},"58":{"start":{"line":270,"column":12},"end":{"line":288,"column":24}},"59":{"start":{"line":277,"column":29},"end":{"line":277,"column":51}}},"fnMap":{"0":{"name":"(anonymous_0)","decl":{"start":{"line":21,"column":21},"end":{"line":21,"column":22}},"loc":{"start":{"line":21,"column":47},"end":{"line":162,"column":2}},"line":21},"1":{"name":"AssessmentScreen","decl":{"start":{"line":164,"column":24},"end":{"line":164,"column":40}},"loc":{"start":{"line":164,"column":43},"end":{"line":328,"column":1}},"line":164},"2":{"name":"(anonymous_2)","decl":{"start":{"line":177,"column":12},"end":{"line":177,"column":13}},"loc":{"start":{"line":177,"column":18},"end":{"line":183,"column":3}},"line":177},"3":{"name":"(anonymous_3)","decl":{"start":{"line":185,"column":26},"end":{"line":185,"column":27}},"loc":{"start":{"line":185,"column":38},"end":{"line":201,"column":3}},"line":185},"4":{"name":"(anonymous_4)","decl":{"start":{"line":203,"column":24},"end":{"line":203,"column":25}},"loc":{"start":{"line":203,"column":45},"end":{"line":212,"column":3}},"line":203},"5":{"name":"(anonymous_5)","decl":{"start":{"line":206,"column":24},"end":{"line":206,"column":25}},"loc":{"start":{"line":206,"column":44},"end":{"line":211,"column":5}},"line":206},"6":{"name":"(anonymous_6)","decl":{"start":{"line":208,"column":27},"end":{"line":208,"column":28}},"loc":{"start":{"line":208,"column":42},"end":{"line":208,"column":55}},"line":208},"7":{"name":"(anonymous_7)","decl":{"start":{"line":214,"column":23},"end":{"line":214,"column":24}},"loc":{"start":{"line":214,"column":35},"end":{"line":239,"column":3}},"line":214},"8":{"name":"(anonymous_8)","decl":{"start":{"line":241,"column":21},"end":{"line":241,"column":22}},"loc":{"start":{"line":241,"column":27},"end":{"line":244,"column":3}},"line":241},"9":{"name":"(anonymous_9)","decl":{"start":{"line":269,"column":32},"end":{"line":269,"column":33}},"loc":{"start":{"line":270,"column":12},"end":{"line":288,"column":24}},"line":270},"10":{"name":"(anonymous_10)","decl":{"start":{"line":277,"column":23},"end":{"line":277,"column":24}},"loc":{"start":{"line":277,"column":29},"end":{"line":277,"column":51}},"line":277}},"branchMap":{"0":{"loc":{"start":{"line":178,"column":4},"end":{"line":182,"column":5}},"type":"if","locations":[{"start":{"line":178,"column":4},"end":{"line":182,"column":5}},{"start":{"line":180,"column":11},"end":{"line":182,"column":5}}],"line":178},"1":{"loc":{"start":{"line":186,"column":4},"end":{"line":186,"column":22}},"type":"if","locations":[{"start":{"line":186,"column":4},"end":{"line":186,"column":22}},{"start":{},"end":{}}],"line":186},"2":{"loc":{"start":{"line":190,"column":6},"end":{"line":194,"column":7}},"type":"if","locations":[{"start":{"line":190,"column":6},"end":{"line":194,"column":7}},{"start":{},"end":{}}],"line":190},"3":{"loc":{"start":{"line":204,"column":4},"end":{"line":204,"column":27}},"type":"if","locations":[{"start":{"line":204,"column":4},"end":{"line":204,"column":27}},{"start":{},"end":{}}],"line":204},"4":{"loc":{"start":{"line":207,"column":6},"end":{"line":209,"column":7}},"type":"if","locations":[{"start":{"line":207,"column":6},"end":{"line":209,"column":7}},{"start":{},"end":{}}],"line":207},"5":{"loc":{"start":{"line":215,"column":4},"end":{"line":215,"column":22}},"type":"if","locations":[{"start":{"line":215,"column":4},"end":{"line":215,"column":22}},{"start":{},"end":{}}],"line":215},"6":{"loc":{"start":{"line":224,"column":6},"end":{"line":230,"column":7}},"type":"if","locations":[{"start":{"line":224,"column":6},"end":{"line":230,"column":7}},{"start":{"line":227,"column":13},"end":{"line":230,"column":7}}],"line":224},"7":{"loc":{"start":{"line":246,"column":2},"end":{"line":252,"column":3}},"type":"if","locations":[{"start":{"line":246,"column":2},"end":{"line":252,"column":3}},{"start":{},"end":{}}],"line":246},"8":{"loc":{"start":{"line":258,"column":9},"end":{"line":263,"column":9}},"type":"binary-expr","locations":[{"start":{"line":258,"column":9},"end":{"line":258,"column":19}},{"start":{"line":259,"column":10},"end":{"line":262,"column":22}}],"line":258},"9":{"loc":{"start":{"line":274,"column":16},"end":{"line":274,"column":80}},"type":"binary-expr","locations":[{"start":{"line":274,"column":16},"end":{"line":274,"column":50}},{"start":{"line":274,"column":54},"end":{"line":274,"column":80}}],"line":274},"10":{"loc":{"start":{"line":275,"column":16},"end":{"line":275,"column":56}},"type":"binary-expr","locations":[{"start":{"line":275,"column":16},"end":{"line":275,"column":26}},{"start":{"line":275,"column":30},"end":{"line":275,"column":56}}],"line":275},"11":{"loc":{"start":{"line":283,"column":18},"end":{"line":283,"column":82}},"type":"binary-expr","locations":[{"start":{"line":283,"column":18},"end":{"line":283,"column":52}},{"start":{"line":283,"column":56},"end":{"line":283,"column":82}}],"line":283},"12":{"loc":{"start":{"line":296,"column":32},"end":{"line":296,"column":66}},"type":"binary-expr","locations":[{"start":{"line":296,"column":32},"end":{"line":296,"column":42}},{"start":{"line":296,"column":46},"end":{"line":296,"column":66}}],"line":296},"13":{"loc":{"start":{"line":309,"column":32},"end":{"line":309,"column":66}},"type":"binary-expr","locations":[{"start":{"line":309,"column":32},"end":{"line":309,"column":42}},{"start":{"line":309,"column":46},"end":{"line":309,"column":66}}],"line":309},"14":{"loc":{"start":{"line":319,"column":7},"end":{"line":325,"column":7}},"type":"binary-expr","locations":[{"start":{"line":319,"column":7},"end":{"line":319,"column":18}},{"start":{"line":320,"column":8},"end":{"line":324,"column":20}}],"line":319},"15":{"loc":{"start":{"line":322,"column":13},"end":{"line":322,"column":62}},"type":"cond-expr","locations":[{"start":{"line":322,"column":26},"end":{"line":322,"column":40}},{"start":{"line":322,"column":43},"end":{"line":322,"column":62}}],"line":322}},"s":{"0":0,"1":0,"2":0,"3":0,"4":0,"5":0,"6":0,"7":0,"8":0,"9":0,"10":0,"11":0,"12":0,"13":0,"14":0,"15":0,"16":0,"17":0,"18":0,"19":0,"20":0,"21":0,"22":0,"23":0,"24":0,"25":0,"26":0,"27":0,"28":0,"29":0,"30":0,"31":0,"32":0,"33":0,"34":0,"35":0,"36":0,"37":0,"38":0,"39":0,"40":0,"41":0,"42":0,"43":0,"44":0,"45":0,"46":0,"47":0,"48":0,"49":0,"50":0,"51":0,"52":0,"53":0,"54":0,"55":0,"56":0,"57":0,"58":0,"59":0},"f":{"0":0,"1":0,"2":0,"3":0,"4":0,"5":0,"6":0,"7":0,"8":0,"9":0,"10":0},"b":{"0":[0,0],"1":[0,0],"2":[0,0],"3":[0,0],"4":[0,0],"5":[0,0],"6":[0,0],"7":[0,0],"8":[0,0],"9":[0,0],"10":[0,0],"11":[0,0],"12":[0,0],"13":[0,0],"14":[0,0],"15":[0,0]}}
,"C:\\Code\\3Chords\\app\\(auth)\\index.tsx": {"path":"C:\\Code\\3Chords\\app\\(auth)\\index.tsx","statementMap":{"0":{"start":{"line":9,"column":0},"end":{"line":9,"column":38}},"1":{"start":{"line":13,"column":4},"end":{"line":17,"column":6}},"2":{"start":{"line":19,"column":2},"end":{"line":25,"column":23}},"3":{"start":{"line":20,"column":4},"end":{"line":24,"column":5}},"4":{"start":{"line":21,"column":33},"end":{"line":21,"column":47}},"5":{"start":{"line":23,"column":6},"end":{"line":23,"column":34}},"6":{"start":{"line":27,"column":2},"end":{"line":63,"column":4}},"7":{"start":{"line":38,"column":27},"end":{"line":38,"column":46}},"8":{"start":{"line":57,"column":36},"end":{"line":57,"column":65}},"9":{"start":{"line":66,"column":15},"end":{"line":133,"column":2}}},"fnMap":{"0":{"name":"AuthScreen","decl":{"start":{"line":11,"column":24},"end":{"line":11,"column":34}},"loc":{"start":{"line":11,"column":37},"end":{"line":64,"column":1}},"line":11},"1":{"name":"(anonymous_1)","decl":{"start":{"line":19,"column":12},"end":{"line":19,"column":13}},"loc":{"start":{"line":19,"column":18},"end":{"line":25,"column":3}},"line":19},"2":{"name":"(anonymous_2)","decl":{"start":{"line":38,"column":21},"end":{"line":38,"column":22}},"loc":{"start":{"line":38,"column":27},"end":{"line":38,"column":46}},"line":38},"3":{"name":"(anonymous_3)","decl":{"start":{"line":57,"column":30},"end":{"line":57,"column":31}},"loc":{"start":{"line":57,"column":36},"end":{"line":57,"column":65}},"line":57}},"branchMap":{"0":{"loc":{"start":{"line":20,"column":4},"end":{"line":24,"column":5}},"type":"if","locations":[{"start":{"line":20,"column":4},"end":{"line":24,"column":5}},{"start":{},"end":{}}],"line":20}},"s":{"0":0,"1":0,"2":0,"3":0,"4":0,"5":0,"6":0,"7":0,"8":0,"9":0},"f":{"0":0,"1":0,"2":0,"3":0},"b":{"0":[0,0]}}
,"C:\\Code\\3Chords\\app\\(auth)\\payment.tsx": {"path":"C:\\Code\\3Chords\\app\\(auth)\\payment.tsx","statementMap":{"0":{"start":{"line":9,"column":26},"end":{"line":39,"column":1}},"1":{"start":{"line":42,"column":42},"end":{"line":42,"column":72}},"2":{"start":{"line":43,"column":32},"end":{"line":43,"column":47}},"3":{"start":{"line":44,"column":52},"end":{"line":44,"column":63}},"4":{"start":{"line":46,"column":26},"end":{"line":79,"column":3}},"5":{"start":{"line":47,"column":4},"end":{"line":78,"column":5}},"6":{"start":{"line":48,"column":6},"end":{"line":48,"column":23}},"7":{"start":{"line":51,"column":31},"end":{"line":51,"column":72}},"8":{"start":{"line":54,"column":35},"end":{"line":57,"column":8}},"9":{"start":{"line":59,"column":6},"end":{"line":62,"column":7}},"10":{"start":{"line":60,"column":8},"end":{"line":60,"column":48}},"11":{"start":{"line":61,"column":8},"end":{"line":61,"column":15}},"12":{"start":{"line":65,"column":38},"end":{"line":65,"column":65}},"13":{"start":{"line":67,"column":6},"end":{"line":70,"column":7}},"14":{"start":{"line":68,"column":8},"end":{"line":68,"column":51}},"15":{"start":{"line":69,"column":8},"end":{"line":69,"column":15}},"16":{"start":{"line":73,"column":6},"end":{"line":73,"column":32}},"17":{"start":{"line":75,"column":6},"end":{"line":75,"column":42}},"18":{"start":{"line":77,"column":6},"end":{"line":77,"column":24}},"19":{"start":{"line":81,"column":2},"end":{"line":132,"column":4}},"20":{"start":{"line":92,"column":12},"end":{"line":117,"column":24}},"21":{"start":{"line":99,"column":29},"end":{"line":99,"column":50}},"22":{"start":{"line":111,"column":18},"end":{"line":114,"column":25}},"23":{"start":{"line":135,"column":15},"end":{"line":238,"column":2}}},"fnMap":{"0":{"name":"PaymentScreen","decl":{"start":{"line":41,"column":24},"end":{"line":41,"column":37}},"loc":{"start":{"line":41,"column":40},"end":{"line":133,"column":1}},"line":41},"1":{"name":"(anonymous_1)","decl":{"start":{"line":46,"column":26},"end":{"line":46,"column":27}},"loc":{"start":{"line":46,"column":38},"end":{"line":79,"column":3}},"line":46},"2":{"name":"(anonymous_2)","decl":{"start":{"line":91,"column":33},"end":{"line":91,"column":34}},"loc":{"start":{"line":92,"column":12},"end":{"line":117,"column":24}},"line":92},"3":{"name":"(anonymous_3)","decl":{"start":{"line":99,"column":23},"end":{"line":99,"column":24}},"loc":{"start":{"line":99,"column":29},"end":{"line":99,"column":50}},"line":99},"4":{"name":"(anonymous_4)","decl":{"start":{"line":110,"column":35},"end":{"line":110,"column":36}},"loc":{"start":{"line":111,"column":18},"end":{"line":114,"column":25}},"line":111}},"branchMap":{"0":{"loc":{"start":{"line":59,"column":6},"end":{"line":62,"column":7}},"type":"if","locations":[{"start":{"line":59,"column":6},"end":{"line":62,"column":7}},{"start":{},"end":{}}],"line":59},"1":{"loc":{"start":{"line":67,"column":6},"end":{"line":70,"column":7}},"type":"if","locations":[{"start":{"line":67,"column":6},"end":{"line":70,"column":7}},{"start":{},"end":{}}],"line":67},"2":{"loc":{"start":{"line":96,"column":16},"end":{"line":96,"column":66}},"type":"binary-expr","locations":[{"start":{"line":96,"column":16},"end":{"line":96,"column":43}},{"start":{"line":96,"column":47},"end":{"line":96,"column":66}}],"line":96},"3":{"loc":{"start":{"line":97,"column":16},"end":{"line":97,"column":50}},"type":"binary-expr","locations":[{"start":{"line":97,"column":16},"end":{"line":97,"column":28}},{"start":{"line":97,"column":32},"end":{"line":97,"column":50}}],"line":97},"4":{"loc":{"start":{"line":101,"column":15},"end":{"line":105,"column":15}},"type":"binary-expr","locations":[{"start":{"line":101,"column":15},"end":{"line":101,"column":27}},{"start":{"line":102,"column":16},"end":{"line":104,"column":23}}],"line":101},"5":{"loc":{"start":{"line":122,"column":33},"end":{"line":122,"column":65}},"type":"binary-expr","locations":[{"start":{"line":122,"column":33},"end":{"line":122,"column":40}},{"start":{"line":122,"column":44},"end":{"line":122,"column":65}}],"line":122},"6":{"loc":{"start":{"line":127,"column":13},"end":{"line":127,"column":76}},"type":"cond-expr","locations":[{"start":{"line":127,"column":23},"end":{"line":127,"column":38}},{"start":{"line":127,"column":41},"end":{"line":127,"column":76}}],"line":127}},"s":{"0":0,"1":0,"2":0,"3":0,"4":0,"5":0,"6":0,"7":0,"8":0,"9":0,"10":0,"11":0,"12":0,"13":0,"14":0,"15":0,"16":0,"17":0,"18":0,"19":0,"20":0,"21":0,"22":0,"23":0},"f":{"0":0,"1":0,"2":0,"3":0,"4":0},"b":{"0":[0,0],"1":[0,0],"2":[0,0],"3":[0,0],"4":[0,0],"5":[0,0],"6":[0,0]}}
,"C:\\Code\\3Chords\\app\\(auth)\\sign-in.tsx": {"path":"C:\\Code\\3Chords\\app\\(auth)\\sign-in.tsx","statementMap":{"0":{"start":{"line":9,"column":21},"end":{"line":105,"column":2}},"1":{"start":{"line":9,"column":47},"end":{"line":105,"column":2}},"2":{"start":{"line":108,"column":21},"end":{"line":108,"column":37}},"3":{"start":{"line":109,"column":28},"end":{"line":109,"column":40}},"4":{"start":{"line":110,"column":34},"end":{"line":110,"column":46}},"5":{"start":{"line":111,"column":32},"end":{"line":111,"column":47}},"6":{"start":{"line":113,"column":22},"end":{"line":113,"column":35}},"7":{"start":{"line":114,"column":17},"end":{"line":114,"column":60}},"8":{"start":{"line":116,"column":23},"end":{"line":132,"column":3}},"9":{"start":{"line":117,"column":4},"end":{"line":120,"column":5}},"10":{"start":{"line":118,"column":6},"end":{"line":118,"column":56}},"11":{"start":{"line":119,"column":6},"end":{"line":119,"column":13}},"12":{"start":{"line":122,"column":4},"end":{"line":122,"column":21}},"13":{"start":{"line":123,"column":4},"end":{"line":131,"column":5}},"14":{"start":{"line":124,"column":6},"end":{"line":124,"column":45}},"15":{"start":{"line":125,"column":6},"end":{"line":125,"column":32}},"16":{"start":{"line":127,"column":6},"end":{"line":127,"column":45}},"17":{"start":{"line":128,"column":6},"end":{"line":128,"column":80}},"18":{"start":{"line":130,"column":6},"end":{"line":130,"column":24}},"19":{"start":{"line":134,"column":2},"end":{"line":195,"column":4}},"20":{"start":{"line":189,"column":36},"end":{"line":189,"column":58}}},"fnMap":{"0":{"name":"(anonymous_0)","decl":{"start":{"line":9,"column":21},"end":{"line":9,"column":22}},"loc":{"start":{"line":9,"column":47},"end":{"line":105,"column":2}},"line":9},"1":{"name":"SignInScreen","decl":{"start":{"line":107,"column":24},"end":{"line":107,"column":36}},"loc":{"start":{"line":107,"column":39},"end":{"line":196,"column":1}},"line":107},"2":{"name":"(anonymous_2)","decl":{"start":{"line":116,"column":23},"end":{"line":116,"column":24}},"loc":{"start":{"line":116,"column":35},"end":{"line":132,"column":3}},"line":116},"3":{"name":"(anonymous_3)","decl":{"start":{"line":189,"column":30},"end":{"line":189,"column":31}},"loc":{"start":{"line":189,"column":36},"end":{"line":189,"column":58}},"line":189}},"branchMap":{"0":{"loc":{"start":{"line":117,"column":4},"end":{"line":120,"column":5}},"type":"if","locations":[{"start":{"line":117,"column":4},"end":{"line":120,"column":5}},{"start":{},"end":{}}],"line":117},"1":{"loc":{"start":{"line":117,"column":8},"end":{"line":117,"column":27}},"type":"binary-expr","locations":[{"start":{"line":117,"column":8},"end":{"line":117,"column":14}},{"start":{"line":117,"column":18},"end":{"line":117,"column":27}}],"line":117},"2":{"loc":{"start":{"line":163,"column":35},"end":{"line":163,"column":62}},"type":"binary-expr","locations":[{"start":{"line":163,"column":35},"end":{"line":163,"column":42}},{"start":{"line":163,"column":46},"end":{"line":163,"column":62}}],"line":163},"3":{"loc":{"start":{"line":168,"column":15},"end":{"line":168,"column":52}},"type":"cond-expr","locations":[{"start":{"line":168,"column":25},"end":{"line":168,"column":40}},{"start":{"line":168,"column":43},"end":{"line":168,"column":52}}],"line":168}},"s":{"0":0,"1":0,"2":0,"3":0,"4":0,"5":0,"6":0,"7":0,"8":0,"9":0,"10":0,"11":0,"12":0,"13":0,"14":0,"15":0,"16":0,"17":0,"18":0,"19":0,"20":0},"f":{"0":0,"1":0,"2":0,"3":0},"b":{"0":[0,0],"1":[0,0],"2":[0,0],"3":[0,0]}}
,"C:\\Code\\3Chords\\app\\(auth)\\signup.tsx": {"path":"C:\\Code\\3Chords\\app\\(auth)\\signup.tsx","statementMap":{"0":{"start":{"line":9,"column":21},"end":{"line":105,"column":2}},"1":{"start":{"line":9,"column":47},"end":{"line":105,"column":2}},"2":{"start":{"line":108,"column":21},"end":{"line":108,"column":37}},"3":{"start":{"line":109,"column":28},"end":{"line":109,"column":40}},"4":{"start":{"line":110,"column":34},"end":{"line":110,"column":46}},"5":{"start":{"line":111,"column":48},"end":{"line":111,"column":60}},"6":{"start":{"line":112,"column":32},"end":{"line":112,"column":47}},"7":{"start":{"line":114,"column":22},"end":{"line":114,"column":35}},"8":{"start":{"line":115,"column":17},"end":{"line":115,"column":60}},"9":{"start":{"line":117,"column":23},"end":{"line":138,"column":3}},"10":{"start":{"line":118,"column":4},"end":{"line":121,"column":5}},"11":{"start":{"line":119,"column":6},"end":{"line":119,"column":56}},"12":{"start":{"line":120,"column":6},"end":{"line":120,"column":13}},"13":{"start":{"line":123,"column":4},"end":{"line":126,"column":5}},"14":{"start":{"line":124,"column":6},"end":{"line":124,"column":53}},"15":{"start":{"line":125,"column":6},"end":{"line":125,"column":13}},"16":{"start":{"line":128,"column":4},"end":{"line":128,"column":21}},"17":{"start":{"line":129,"column":4},"end":{"line":137,"column":5}},"18":{"start":{"line":130,"column":6},"end":{"line":130,"column":49}},"19":{"start":{"line":131,"column":6},"end":{"line":131,"column":43}},"20":{"start":{"line":133,"column":6},"end":{"line":133,"column":45}},"21":{"start":{"line":134,"column":6},"end":{"line":134,"column":74}},"22":{"start":{"line":136,"column":6},"end":{"line":136,"column":24}},"23":{"start":{"line":140,"column":2},"end":{"line":209,"column":4}},"24":{"start":{"line":203,"column":36},"end":{"line":203,"column":59}}},"fnMap":{"0":{"name":"(anonymous_0)","decl":{"start":{"line":9,"column":21},"end":{"line":9,"column":22}},"loc":{"start":{"line":9,"column":47},"end":{"line":105,"column":2}},"line":9},"1":{"name":"SignUpScreen","decl":{"start":{"line":107,"column":24},"end":{"line":107,"column":36}},"loc":{"start":{"line":107,"column":39},"end":{"line":210,"column":1}},"line":107},"2":{"name":"(anonymous_2)","decl":{"start":{"line":117,"column":23},"end":{"line":117,"column":24}},"loc":{"start":{"line":117,"column":35},"end":{"line":138,"column":3}},"line":117},"3":{"name":"(anonymous_3)","decl":{"start":{"line":203,"column":30},"end":{"line":203,"column":31}},"loc":{"start":{"line":203,"column":36},"end":{"line":203,"column":59}},"line":203}},"branchMap":{"0":{"loc":{"start":{"line":118,"column":4},"end":{"line":121,"column":5}},"type":"if","locations":[{"start":{"line":118,"column":4},"end":{"line":121,"column":5}},{"start":{},"end":{}}],"line":118},"1":{"loc":{"start":{"line":118,"column":8},"end":{"line":118,"column":47}},"type":"binary-expr","locations":[{"start":{"line":118,"column":8},"end":{"line":118,"column":14}},{"start":{"line":118,"column":18},"end":{"line":118,"column":27}},{"start":{"line":118,"column":31},"end":{"line":118,"column":47}}],"line":118},"2":{"loc":{"start":{"line":123,"column":4},"end":{"line":126,"column":5}},"type":"if","locations":[{"start":{"line":123,"column":4},"end":{"line":126,"column":5}},{"start":{},"end":{}}],"line":123},"3":{"loc":{"start":{"line":177,"column":35},"end":{"line":177,"column":62}},"type":"binary-expr","locations":[{"start":{"line":177,"column":35},"end":{"line":177,"column":42}},{"start":{"line":177,"column":46},"end":{"line":177,"column":62}}],"line":177},"4":{"loc":{"start":{"line":182,"column":15},"end":{"line":182,"column":65}},"type":"cond-expr","locations":[{"start":{"line":182,"column":25},"end":{"line":182,"column":46}},{"start":{"line":182,"column":49},"end":{"line":182,"column":65}}],"line":182}},"s":{"0":0,"1":0,"2":0,"3":0,"4":0,"5":0,"6":0,"7":0,"8":0,"9":0,"10":0,"11":0,"12":0,"13":0,"14":0,"15":0,"16":0,"17":0,"18":0,"19":0,"20":0,"21":0,"22":0,"23":0,"24":0},"f":{"0":0,"1":0,"2":0,"3":0},"b":{"0":[0,0],"1":[0,0,0],"2":[0,0],"3":[0,0],"4":[0,0]}}
,"C:\\Code\\3Chords\\app\\(auth)\\subscription.tsx": {"path":"C:\\Code\\3Chords\\app\\(auth)\\subscription.tsx","statementMap":{"0":{"start":{"line":5,"column":14},"end":{"line":36,"column":1}},"1":{"start":{"line":39,"column":2},"end":{"line":104,"column":4}},"2":{"start":{"line":45,"column":27},"end":{"line":45,"column":40}},"3":{"start":{"line":78,"column":10},"end":{"line":100,"column":17}},"4":{"start":{"line":88,"column":16},"end":{"line":91,"column":23}},"5":{"start":{"line":96,"column":29},"end":{"line":96,"column":62}},"6":{"start":{"line":107,"column":15},"end":{"line":231,"column":2}}},"fnMap":{"0":{"name":"SubscriptionScreen","decl":{"start":{"line":38,"column":24},"end":{"line":38,"column":42}},"loc":{"start":{"line":38,"column":45},"end":{"line":105,"column":1}},"line":38},"1":{"name":"(anonymous_1)","decl":{"start":{"line":45,"column":21},"end":{"line":45,"column":22}},"loc":{"start":{"line":45,"column":27},"end":{"line":45,"column":40}},"line":45},"2":{"name":"(anonymous_2)","decl":{"start":{"line":77,"column":19},"end":{"line":77,"column":20}},"loc":{"start":{"line":78,"column":10},"end":{"line":100,"column":17}},"line":78},"3":{"name":"(anonymous_3)","decl":{"start":{"line":87,"column":33},"end":{"line":87,"column":34}},"loc":{"start":{"line":88,"column":16},"end":{"line":91,"column":23}},"line":88},"4":{"name":"(anonymous_4)","decl":{"start":{"line":96,"column":23},"end":{"line":96,"column":24}},"loc":{"start":{"line":96,"column":29},"end":{"line":96,"column":62}},"line":96}},"branchMap":{"0":{"loc":{"start":{"line":83,"column":17},"end":{"line":83,"column":87}},"type":"binary-expr","locations":[{"start":{"line":83,"column":17},"end":{"line":83,"column":40}},{"start":{"line":83,"column":44},"end":{"line":83,"column":87}}],"line":83}},"s":{"0":0,"1":0,"2":0,"3":0,"4":0,"5":0,"6":0},"f":{"0":0,"1":0,"2":0,"3":0,"4":0},"b":{"0":[0,0]}}
,"C:\\Code\\3Chords\\app\\(auth)\\welcome.tsx": {"path":"C:\\Code\\3Chords\\app\\(auth)\\welcome.tsx","statementMap":{"0":{"start":{"line":8,"column":2},"end":{"line":54,"column":4}},"1":{"start":{"line":17,"column":27},"end":{"line":17,"column":52}},"2":{"start":{"line":48,"column":25},"end":{"line":48,"column":60}},"3":{"start":{"line":57,"column":15},"end":{"line":134,"column":2}}},"fnMap":{"0":{"name":"WelcomeScreen","decl":{"start":{"line":7,"column":24},"end":{"line":7,"column":37}},"loc":{"start":{"line":7,"column":40},"end":{"line":55,"column":1}},"line":7},"1":{"name":"(anonymous_1)","decl":{"start":{"line":17,"column":21},"end":{"line":17,"column":22}},"loc":{"start":{"line":17,"column":27},"end":{"line":17,"column":52}},"line":17},"2":{"name":"(anonymous_2)","decl":{"start":{"line":48,"column":19},"end":{"line":48,"column":20}},"loc":{"start":{"line":48,"column":25},"end":{"line":48,"column":60}},"line":48}},"branchMap":{},"s":{"0":0,"1":0,"2":0,"3":0},"f":{"0":0,"1":0,"2":0},"b":{}}
,"C:\\Code\\3Chords\\app\\(onboarding)\\_layout.tsx": {"path":"C:\\Code\\3Chords\\app\\(onboarding)\\_layout.tsx","statementMap":{"0":{"start":{"line":4,"column":2},"end":{"line":6,"column":4}}},"fnMap":{"0":{"name":"OnboardingLayout","decl":{"start":{"line":3,"column":24},"end":{"line":3,"column":40}},"loc":{"start":{"line":3,"column":43},"end":{"line":7,"column":1}},"line":3}},"branchMap":{},"s":{"0":0},"f":{"0":0},"b":{}}
,"C:\\Code\\3Chords\\app\\(onboarding)\\index.tsx": {"path":"C:\\Code\\3Chords\\app\\(onboarding)\\index.tsx","statementMap":{"0":{"start":{"line":13,"column":18},"end":{"line":13,"column":42}},"1":{"start":{"line":15,"column":15},"end":{"line":53,"column":1}},"2":{"start":{"line":56,"column":42},"end":{"line":56,"column":53}},"3":{"start":{"line":57,"column":19},"end":{"line":57,"column":31}},"4":{"start":{"line":59,"column":21},"end":{"line":65,"column":3}},"5":{"start":{"line":60,"column":4},"end":{"line":64,"column":5}},"6":{"start":{"line":61,"column":6},"end":{"line":61,"column":40}},"7":{"start":{"line":63,"column":6},"end":{"line":63,"column":40}},"8":{"start":{"line":67,"column":22},"end":{"line":164,"column":3}},"9":{"start":{"line":68,"column":18},"end":{"line":68,"column":38}},"10":{"start":{"line":70,"column":4},"end":{"line":163,"column":6}},"11":{"start":{"line":101,"column":18},"end":{"line":116,"column":34}},"12":{"start":{"line":146,"column":16},"end":{"line":152,"column":18}},"13":{"start":{"line":166,"column":2},"end":{"line":170,"column":4}},"14":{"start":{"line":173,"column":15},"end":{"line":320,"column":2}}},"fnMap":{"0":{"name":"OnboardingScreen","decl":{"start":{"line":55,"column":24},"end":{"line":55,"column":40}},"loc":{"start":{"line":55,"column":43},"end":{"line":171,"column":1}},"line":55},"1":{"name":"(anonymous_1)","decl":{"start":{"line":59,"column":21},"end":{"line":59,"column":22}},"loc":{"start":{"line":59,"column":27},"end":{"line":65,"column":3}},"line":59},"2":{"name":"(anonymous_2)","decl":{"start":{"line":67,"column":22},"end":{"line":67,"column":23}},"loc":{"start":{"line":67,"column":28},"end":{"line":164,"column":3}},"line":67},"3":{"name":"(anonymous_3)","decl":{"start":{"line":100,"column":41},"end":{"line":100,"column":42}},"loc":{"start":{"line":101,"column":18},"end":{"line":116,"column":34}},"line":101},"4":{"name":"(anonymous_4)","decl":{"start":{"line":145,"column":26},"end":{"line":145,"column":27}},"loc":{"start":{"line":146,"column":16},"end":{"line":152,"column":18}},"line":146}},"branchMap":{"0":{"loc":{"start":{"line":60,"column":4},"end":{"line":64,"column":5}},"type":"if","locations":[{"start":{"line":60,"column":4},"end":{"line":64,"column":5}},{"start":{"line":62,"column":11},"end":{"line":64,"column":5}}],"line":60},"1":{"loc":{"start":{"line":81,"column":11},"end":{"line":86,"column":11}},"type":"binary-expr","locations":[{"start":{"line":81,"column":11},"end":{"line":81,"column":33}},{"start":{"line":82,"column":12},"end":{"line":85,"column":14}}],"line":81},"2":{"loc":{"start":{"line":88,"column":11},"end":{"line":120,"column":11}},"type":"binary-expr","locations":[{"start":{"line":88,"column":11},"end":{"line":88,"column":34}},{"start":{"line":89,"column":12},"end":{"line":119,"column":19}}],"line":88},"3":{"loc":{"start":{"line":122,"column":11},"end":{"line":134,"column":11}},"type":"binary-expr","locations":[{"start":{"line":122,"column":11},"end":{"line":122,"column":33}},{"start":{"line":123,"column":12},"end":{"line":133,"column":19}}],"line":122},"4":{"loc":{"start":{"line":138,"column":13},"end":{"line":140,"column":13}},"type":"binary-expr","locations":[{"start":{"line":138,"column":13},"end":{"line":138,"column":30}},{"start":{"line":139,"column":14},"end":{"line":139,"column":73}}],"line":138},"5":{"loc":{"start":{"line":150,"column":20},"end":{"line":150,"column":72}},"type":"binary-expr","locations":[{"start":{"line":150,"column":20},"end":{"line":150,"column":42}},{"start":{"line":150,"column":46},"end":{"line":150,"column":72}}],"line":150},"6":{"loc":{"start":{"line":157,"column":17},"end":{"line":157,"column":76}},"type":"cond-expr","locations":[{"start":{"line":157,"column":54},"end":{"line":157,"column":67}},{"start":{"line":157,"column":70},"end":{"line":157,"column":76}}],"line":157}},"s":{"0":0,"1":0,"2":0,"3":0,"4":0,"5":0,"6":0,"7":0,"8":0,"9":0,"10":0,"11":0,"12":0,"13":0,"14":0},"f":{"0":0,"1":0,"2":0,"3":0,"4":0},"b":{"0":[0,0],"1":[0,0],"2":[0,0],"3":[0,0],"4":[0,0],"5":[0,0],"6":[0,0]}}
,"C:\\Code\\3Chords\\app\\(tabs)\\_layout.tsx": {"path":"C:\\Code\\3Chords\\app\\(tabs)\\_layout.tsx","statementMap":{"0":{"start":{"line":6,"column":2},"end":{"line":61,"column":4}},"1":{"start":{"line":22,"column":43},"end":{"line":22,"column":77}},"2":{"start":{"line":29,"column":43},"end":{"line":29,"column":86}},"3":{"start":{"line":36,"column":43},"end":{"line":36,"column":81}},"4":{"start":{"line":43,"column":43},"end":{"line":43,"column":78}},"5":{"start":{"line":50,"column":43},"end":{"line":50,"column":81}},"6":{"start":{"line":57,"column":37},"end":{"line":57,"column":95}}},"fnMap":{"0":{"name":"TabLayout","decl":{"start":{"line":5,"column":24},"end":{"line":5,"column":33}},"loc":{"start":{"line":5,"column":36},"end":{"line":62,"column":1}},"line":5},"1":{"name":"(anonymous_1)","decl":{"start":{"line":22,"column":22},"end":{"line":22,"column":23}},"loc":{"start":{"line":22,"column":43},"end":{"line":22,"column":77}},"line":22},"2":{"name":"(anonymous_2)","decl":{"start":{"line":29,"column":22},"end":{"line":29,"column":23}},"loc":{"start":{"line":29,"column":43},"end":{"line":29,"column":86}},"line":29},"3":{"name":"(anonymous_3)","decl":{"start":{"line":36,"column":22},"end":{"line":36,"column":23}},"loc":{"start":{"line":36,"column":43},"end":{"line":36,"column":81}},"line":36},"4":{"name":"(anonymous_4)","decl":{"start":{"line":43,"column":22},"end":{"line":43,"column":23}},"loc":{"start":{"line":43,"column":43},"end":{"line":43,"column":78}},"line":43},"5":{"name":"(anonymous_5)","decl":{"start":{"line":50,"column":22},"end":{"line":50,"column":23}},"loc":{"start":{"line":50,"column":43},"end":{"line":50,"column":81}},"line":50},"6":{"name":"(anonymous_6)","decl":{"start":{"line":57,"column":22},"end":{"line":57,"column":23}},"loc":{"start":{"line":57,"column":37},"end":{"line":57,"column":95}},"line":57}},"branchMap":{},"s":{"0":0,"1":0,"2":0,"3":0,"4":0,"5":0,"6":0},"f":{"0":0,"1":0,"2":0,"3":0,"4":0,"5":0,"6":0},"b":{}}
,"C:\\Code\\3Chords\\app\\(tabs)\\about.tsx": {"path":"C:\\Code\\3Chords\\app\\(tabs)\\about.tsx","statementMap":{"0":{"start":{"line":5,"column":2},"end":{"line":34,"column":4}},"1":{"start":{"line":37,"column":15},"end":{"line":62,"column":2}}},"fnMap":{"0":{"name":"AboutScreen","decl":{"start":{"line":4,"column":24},"end":{"line":4,"column":35}},"loc":{"start":{"line":4,"column":38},"end":{"line":35,"column":1}},"line":4}},"branchMap":{},"s":{"0":0,"1":0},"f":{"0":0},"b":{}}
,"C:\\Code\\3Chords\\app\\(tabs)\\events.tsx": {"path":"C:\\Code\\3Chords\\app\\(tabs)\\events.tsx","statementMap":{"0":{"start":{"line":22,"column":30},"end":{"line":22,"column":51}},"1":{"start":{"line":23,"column":32},"end":{"line":23,"column":46}},"2":{"start":{"line":24,"column":42},"end":{"line":24,"column":62}},"3":{"start":{"line":26,"column":21},"end":{"line":28,"column":3}},"4":{"start":{"line":27,"column":4},"end":{"line":27,"column":44}},"5":{"start":{"line":30,"column":26},"end":{"line":32,"column":3}},"6":{"start":{"line":31,"column":4},"end":{"line":31,"column":78}},"7":{"start":{"line":34,"column":18},"end":{"line":39,"column":3}},"8":{"start":{"line":35,"column":18},"end":{"line":35,"column":28}},"9":{"start":{"line":36,"column":4},"end":{"line":38,"column":49}},"10":{"start":{"line":41,"column":42},"end":{"line":41,"column":74}},"11":{"start":{"line":43,"column":2},"end":{"line":45,"column":9}},"12":{"start":{"line":44,"column":4},"end":{"line":44,"column":18}},"13":{"start":{"line":47,"column":22},"end":{"line":59,"column":3}},"14":{"start":{"line":48,"column":4},"end":{"line":58,"column":5}},"15":{"start":{"line":49,"column":24},"end":{"line":49,"column":59}},"16":{"start":{"line":50,"column":18},"end":{"line":50,"column":50}},"17":{"start":{"line":51,"column":23},"end":{"line":51,"column":39}},"18":{"start":{"line":52,"column":19},"end":{"line":52,"column":40}},"19":{"start":{"line":53,"column":6},"end":{"line":53,"column":22}},"20":{"start":{"line":55,"column":6},"end":{"line":55,"column":53}},"21":{"start":{"line":57,"column":6},"end":{"line":57,"column":24}},"22":{"start":{"line":61,"column":27},"end":{"line":63,"column":3}},"23":{"start":{"line":62,"column":4},"end":{"line":62,"column":55}},"24":{"start":{"line":62,"column":34},"end":{"line":62,"column":53}},"25":{"start":{"line":65,"column":25},"end":{"line":80,"column":3}},"26":{"start":{"line":66,"column":17},"end":{"line":66,"column":43}},"27":{"start":{"line":67,"column":18},"end":{"line":67,"column":41}},"28":{"start":{"line":68,"column":21},"end":{"line":68,"column":45}},"29":{"start":{"line":69,"column":20},"end":{"line":69,"column":48}},"30":{"start":{"line":70,"column":32},"end":{"line":70,"column":34}},"31":{"start":{"line":72,"column":4},"end":{"line":77,"column":5}},"32":{"start":{"line":72,"column":17},"end":{"line":72,"column":35}},"33":{"start":{"line":73,"column":6},"end":{"line":76,"column":9}},"34":{"start":{"line":75,"column":40},"end":{"line":75,"column":68}},"35":{"start":{"line":79,"column":4},"end":{"line":79,"column":16}},"36":{"start":{"line":82,"column":26},"end":{"line":84,"column":3}},"37":{"start":{"line":83,"column":4},"end":{"line":83,"column":79}},"38":{"start":{"line":83,"column":28},"end":{"line":83,"column":77}},"39":{"start":{"line":86,"column":26},"end":{"line":88,"column":3}},"40":{"start":{"line":87,"column":4},"end":{"line":87,"column":79}},"41":{"start":{"line":87,"column":28},"end":{"line":87,"column":77}},"42":{"start":{"line":90,"column":2},"end":{"line":96,"column":3}},"43":{"start":{"line":91,"column":4},"end":{"line":95,"column":6}},"44":{"start":{"line":98,"column":22},"end":{"line":98,"column":38}},"45":{"start":{"line":99,"column":19},"end":{"line":99,"column":68}},"46":{"start":{"line":101,"column":2},"end":{"line":176,"column":4}},"47":{"start":{"line":123,"column":12},"end":{"line":123,"column":63}},"48":{"start":{"line":129,"column":31},"end":{"line":129,"column":51}},"49":{"start":{"line":130,"column":31},"end":{"line":130,"column":58}},"50":{"start":{"line":131,"column":30},"end":{"line":131,"column":43}},"51":{"start":{"line":133,"column":12},"end":{"line":152,"column":14}},"52":{"start":{"line":141,"column":31},"end":{"line":141,"column":58}},"53":{"start":{"line":159,"column":10},"end":{"line":172,"column":22}},"54":{"start":{"line":179,"column":26},"end":{"line":190,"column":1}},"55":{"start":{"line":180,"column":2},"end":{"line":189,"column":3}},"56":{"start":{"line":182,"column":6},"end":{"line":182,"column":23}},"57":{"start":{"line":184,"column":6},"end":{"line":184,"column":23}},"58":{"start":{"line":186,"column":6},"end":{"line":186,"column":23}},"59":{"start":{"line":188,"column":6},"end":{"line":188,"column":23}},"60":{"start":{"line":192,"column":15},"end":{"line":360,"column":2}}},"fnMap":{"0":{"name":"EventsScreen","decl":{"start":{"line":21,"column":24},"end":{"line":21,"column":36}},"loc":{"start":{"line":21,"column":39},"end":{"line":177,"column":1}},"line":21},"1":{"name":"(anonymous_1)","decl":{"start":{"line":26,"column":21},"end":{"line":26,"column":22}},"loc":{"start":{"line":26,"column":45},"end":{"line":28,"column":3}},"line":26},"2":{"name":"(anonymous_2)","decl":{"start":{"line":30,"column":26},"end":{"line":30,"column":27}},"loc":{"start":{"line":30,"column":50},"end":{"line":32,"column":3}},"line":30},"3":{"name":"(anonymous_3)","decl":{"start":{"line":34,"column":18},"end":{"line":34,"column":19}},"loc":{"start":{"line":34,"column":43},"end":{"line":39,"column":3}},"line":34},"4":{"name":"(anonymous_4)","decl":{"start":{"line":43,"column":12},"end":{"line":43,"column":13}},"loc":{"start":{"line":43,"column":18},"end":{"line":45,"column":3}},"line":43},"5":{"name":"(anonymous_5)","decl":{"start":{"line":47,"column":22},"end":{"line":47,"column":23}},"loc":{"start":{"line":47,"column":34},"end":{"line":59,"column":3}},"line":47},"6":{"name":"(anonymous_6)","decl":{"start":{"line":61,"column":27},"end":{"line":61,"column":28}},"loc":{"start":{"line":61,"column":45},"end":{"line":63,"column":3}},"line":61},"7":{"name":"(anonymous_7)","decl":{"start":{"line":62,"column":25},"end":{"line":62,"column":26}},"loc":{"start":{"line":62,"column":34},"end":{"line":62,"column":53}},"line":62},"8":{"name":"(anonymous_8)","decl":{"start":{"line":65,"column":25},"end":{"line":65,"column":26}},"loc":{"start":{"line":65,"column":46},"end":{"line":80,"column":3}},"line":65},"9":{"name":"(anonymous_9)","decl":{"start":{"line":75,"column":31},"end":{"line":75,"column":32}},"loc":{"start":{"line":75,"column":40},"end":{"line":75,"column":68}},"line":75},"10":{"name":"(anonymous_10)","decl":{"start":{"line":82,"column":26},"end":{"line":82,"column":27}},"loc":{"start":{"line":82,"column":32},"end":{"line":84,"column":3}},"line":82},"11":{"name":"(anonymous_11)","decl":{"start":{"line":83,"column":20},"end":{"line":83,"column":21}},"loc":{"start":{"line":83,"column":28},"end":{"line":83,"column":77}},"line":83},"12":{"name":"(anonymous_12)","decl":{"start":{"line":86,"column":26},"end":{"line":86,"column":27}},"loc":{"start":{"line":86,"column":32},"end":{"line":88,"column":3}},"line":86},"13":{"name":"(anonymous_13)","decl":{"start":{"line":87,"column":20},"end":{"line":87,"column":21}},"loc":{"start":{"line":87,"column":28},"end":{"line":87,"column":77}},"line":87},"14":{"name":"(anonymous_14)","decl":{"start":{"line":122,"column":24},"end":{"line":122,"column":25}},"loc":{"start":{"line":123,"column":12},"end":{"line":123,"column":63}},"line":123},"15":{"name":"(anonymous_15)","decl":{"start":{"line":128,"column":27},"end":{"line":128,"column":28}},"loc":{"start":{"line":128,"column":43},"end":{"line":153,"column":11}},"line":128},"16":{"name":"(anonymous_16)","decl":{"start":{"line":141,"column":25},"end":{"line":141,"column":26}},"loc":{"start":{"line":141,"column":31},"end":{"line":141,"column":58}},"line":141},"17":{"name":"(anonymous_17)","decl":{"start":{"line":158,"column":44},"end":{"line":158,"column":45}},"loc":{"start":{"line":159,"column":10},"end":{"line":172,"column":22}},"line":159},"18":{"name":"(anonymous_18)","decl":{"start":{"line":179,"column":26},"end":{"line":179,"column":27}},"loc":{"start":{"line":179,"column":51},"end":{"line":190,"column":1}},"line":179}},"branchMap":{"0":{"loc":{"start":{"line":36,"column":11},"end":{"line":38,"column":48}},"type":"binary-expr","locations":[{"start":{"line":36,"column":11},"end":{"line":36,"column":45}},{"start":{"line":37,"column":6},"end":{"line":37,"column":42}},{"start":{"line":38,"column":6},"end":{"line":38,"column":48}}],"line":36},"1":{"loc":{"start":{"line":90,"column":2},"end":{"line":96,"column":3}},"type":"if","locations":[{"start":{"line":90,"column":2},"end":{"line":96,"column":3}},{"start":{},"end":{}}],"line":90},"2":{"loc":{"start":{"line":138,"column":18},"end":{"line":138,"column":50}},"type":"binary-expr","locations":[{"start":{"line":138,"column":18},"end":{"line":138,"column":28}},{"start":{"line":138,"column":32},"end":{"line":138,"column":50}}],"line":138},"3":{"loc":{"start":{"line":139,"column":18},"end":{"line":139,"column":51}},"type":"binary-expr","locations":[{"start":{"line":139,"column":18},"end":{"line":139,"column":35}},{"start":{"line":139,"column":39},"end":{"line":139,"column":51}}],"line":139},"4":{"loc":{"start":{"line":145,"column":18},"end":{"line":145,"column":54}},"type":"binary-expr","locations":[{"start":{"line":145,"column":18},"end":{"line":145,"column":28}},{"start":{"line":145,"column":32},"end":{"line":145,"column":54}}],"line":145},"5":{"loc":{"start":{"line":146,"column":18},"end":{"line":146,"column":55}},"type":"binary-expr","locations":[{"start":{"line":146,"column":18},"end":{"line":146,"column":35}},{"start":{"line":146,"column":39},"end":{"line":146,"column":55}}],"line":146},"6":{"loc":{"start":{"line":150,"column":17},"end":{"line":150,"column":62}},"type":"binary-expr","locations":[{"start":{"line":150,"column":17},"end":{"line":150,"column":26}},{"start":{"line":150,"column":30},"end":{"line":150,"column":62}}],"line":150},"7":{"loc":{"start":{"line":180,"column":2},"end":{"line":189,"column":3}},"type":"switch","locations":[{"start":{"line":181,"column":4},"end":{"line":182,"column":23}},{"start":{"line":183,"column":4},"end":{"line":184,"column":23}},{"start":{"line":185,"column":4},"end":{"line":186,"column":23}},{"start":{"line":187,"column":4},"end":{"line":188,"column":23}}],"line":180}},"s":{"0":0,"1":0,"2":0,"3":0,"4":0,"5":0,"6":0,"7":0,"8":0,"9":0,"10":0,"11":0,"12":0,"13":0,"14":0,"15":0,"16":0,"17":0,"18":0,"19":0,"20":0,"21":0,"22":0,"23":0,"24":0,"25":0,"26":0,"27":0,"28":0,"29":0,"30":0,"31":0,"32":0,"33":0,"34":0,"35":0,"36":0,"37":0,"38":0,"39":0,"40":0,"41":0,"42":0,"43":0,"44":0,"45":0,"46":0,"47":0,"48":0,"49":0,"50":0,"51":0,"52":0,"53":0,"54":0,"55":0,"56":0,"57":0,"58":0,"59":0,"60":0},"f":{"0":0,"1":0,"2":0,"3":0,"4":0,"5":0,"6":0,"7":0,"8":0,"9":0,"10":0,"11":0,"12":0,"13":0,"14":0,"15":0,"16":0,"17":0,"18":0},"b":{"0":[0,0,0],"1":[0,0],"2":[0,0],"3":[0,0],"4":[0,0],"5":[0,0],"6":[0,0],"7":[0,0,0,0]}}
,"C:\\Code\\3Chords\\app\\(tabs)\\index.tsx": {"path":"C:\\Code\\3Chords\\app\\(tabs)\\index.tsx","statementMap":{"0":{"start":{"line":9,"column":2},"end":{"line":146,"column":4}},"1":{"start":{"line":149,"column":15},"end":{"line":284,"column":2}}},"fnMap":{"0":{"name":"HomeScreen","decl":{"start":{"line":6,"column":24},"end":{"line":6,"column":34}},"loc":{"start":{"line":6,"column":37},"end":{"line":147,"column":1}},"line":6}},"branchMap":{},"s":{"0":0,"1":0},"f":{"0":0},"b":{}}
,"C:\\Code\\3Chords\\app\\(tabs)\\testimonials.tsx": {"path":"C:\\Code\\3Chords\\app\\(tabs)\\testimonials.tsx","statementMap":{"0":{"start":{"line":4,"column":2},"end":{"line":11,"column":4}},"1":{"start":{"line":14,"column":15},"end":{"line":34,"column":2}}},"fnMap":{"0":{"name":"TestimonialsScreen","decl":{"start":{"line":3,"column":24},"end":{"line":3,"column":42}},"loc":{"start":{"line":3,"column":45},"end":{"line":12,"column":1}},"line":3}},"branchMap":{},"s":{"0":0,"1":0},"f":{"0":0},"b":{}}
,"C:\\Code\\3Chords\\app\\api\\create-subscription.ts": {"path":"C:\\Code\\3Chords\\app\\api\\create-subscription.ts","statementMap":{"0":{"start":{"line":4,"column":2},"end":{"line":6,"column":3}},"1":{"start":{"line":5,"column":4},"end":{"line":5,"column":67}},"2":{"start":{"line":8,"column":2},"end":{"line":20,"column":3}},"3":{"start":{"line":9,"column":24},"end":{"line":9,"column":32}},"4":{"start":{"line":11,"column":4},"end":{"line":13,"column":5}},"5":{"start":{"line":12,"column":6},"end":{"line":12,"column":71}},"6":{"start":{"line":15,"column":19},"end":{"line":15,"column":52}},"7":{"start":{"line":16,"column":4},"end":{"line":16,"column":40}},"8":{"start":{"line":18,"column":4},"end":{"line":18,"column":58}},"9":{"start":{"line":19,"column":4},"end":{"line":19,"column":70}}},"fnMap":{"0":{"name":"handler","decl":{"start":{"line":3,"column":30},"end":{"line":3,"column":37}},"loc":{"start":{"line":3,"column":58},"end":{"line":21,"column":1}},"line":3}},"branchMap":{"0":{"loc":{"start":{"line":4,"column":2},"end":{"line":6,"column":3}},"type":"if","locations":[{"start":{"line":4,"column":2},"end":{"line":6,"column":3}},{"start":{},"end":{}}],"line":4},"1":{"loc":{"start":{"line":11,"column":4},"end":{"line":13,"column":5}},"type":"if","locations":[{"start":{"line":11,"column":4},"end":{"line":13,"column":5}},{"start":{},"end":{}}],"line":11}},"s":{"0":0,"1":0,"2":0,"3":0,"4":0,"5":0,"6":0,"7":0,"8":0,"9":0},"f":{"0":0},"b":{"0":[0,0],"1":[0,0]}}
,"C:\\Code\\3Chords\\app\\api\\stripe.ts": {"path":"C:\\Code\\3Chords\\app\\api\\stripe.ts","statementMap":{"0":{"start":{"line":4,"column":37},"end":{"line":4,"column":84}},"1":{"start":{"line":5,"column":19},"end":{"line":5,"column":64}},"2":{"start":{"line":6,"column":2},"end":{"line":6,"column":23}}},"fnMap":{"0":{"name":"createSubscription","decl":{"start":{"line":3,"column":22},"end":{"line":3,"column":40}},"loc":{"start":{"line":3,"column":58},"end":{"line":7,"column":1}},"line":3}},"branchMap":{},"s":{"0":0,"1":0,"2":0},"f":{"0":0},"b":{}}
,"C:\\Code\\3Chords\\app\\config\\firebase.ts": {"path":"C:\\Code\\3Chords\\app\\config\\firebase.ts","statementMap":{"0":{"start":{"line":7,"column":23},"end":{"line":14,"column":1}},"1":{"start":{"line":17,"column":0},"end":{"line":17,"column":30}},"2":{"start":{"line":20,"column":30},"end":{"line":20,"column":44}},"3":{"start":{"line":21,"column":29},"end":{"line":21,"column":36}},"4":{"start":{"line":22,"column":26},"end":{"line":22,"column":30}},"5":{"start":{"line":23,"column":31},"end":{"line":23,"column":40}},"6":{"start":{"line":26,"column":18},"end":{"line":26,"column":29}},"7":{"start":{"line":27,"column":31},"end":{"line":27,"column":40}},"8":{"start":{"line":28,"column":28},"end":{"line":28,"column":34}},"9":{"start":{"line":31,"column":26},"end":{"line":35,"column":1}},"10":{"start":{"line":32,"column":25},"end":{"line":32,"column":44}},"11":{"start":{"line":33,"column":32},"end":{"line":33,"column":52}},"12":{"start":{"line":34,"column":40},"end":{"line":34,"column":57}}},"fnMap":{"0":{"name":"(anonymous_0)","decl":{"start":{"line":32,"column":7},"end":{"line":32,"column":8}},"loc":{"start":{"line":32,"column":25},"end":{"line":32,"column":44}},"line":32},"1":{"name":"(anonymous_1)","decl":{"start":{"line":33,"column":18},"end":{"line":33,"column":19}},"loc":{"start":{"line":33,"column":32},"end":{"line":33,"column":52}},"line":33},"2":{"name":"(anonymous_2)","decl":{"start":{"line":34,"column":15},"end":{"line":34,"column":16}},"loc":{"start":{"line":34,"column":40},"end":{"line":34,"column":57}},"line":34}},"branchMap":{},"s":{"0":0,"1":0,"2":0,"3":0,"4":0,"5":0,"6":0,"7":0,"8":0,"9":0,"10":0,"11":0,"12":0},"f":{"0":0,"1":0,"2":0},"b":{}}
,"C:\\Code\\3Chords\\app\\context\\AuthContext.tsx": {"path":"C:\\Code\\3Chords\\app\\context\\AuthContext.tsx","statementMap":{"0":{"start":{"line":9,"column":0},"end":{"line":9,"column":38}},"1":{"start":{"line":22,"column":20},"end":{"line":31,"column":2}},"2":{"start":{"line":34,"column":26},"end":{"line":34,"column":71}},"3":{"start":{"line":35,"column":32},"end":{"line":35,"column":46}},"4":{"start":{"line":37,"column":43},"end":{"line":45,"column":4}},"5":{"start":{"line":47,"column":2},"end":{"line":58,"column":17}},"6":{"start":{"line":48,"column":4},"end":{"line":57,"column":5}},"7":{"start":{"line":49,"column":27},"end":{"line":49,"column":42}},"8":{"start":{"line":50,"column":25},"end":{"line":50,"column":69}},"9":{"start":{"line":51,"column":6},"end":{"line":54,"column":11}},"10":{"start":{"line":53,"column":10},"end":{"line":53,"column":61}},"11":{"start":{"line":55,"column":11},"end":{"line":57,"column":5}},"12":{"start":{"line":56,"column":6},"end":{"line":56,"column":61}},"13":{"start":{"line":60,"column":2},"end":{"line":67,"column":9}},"14":{"start":{"line":61,"column":24},"end":{"line":64,"column":6}},"15":{"start":{"line":62,"column":6},"end":{"line":62,"column":20}},"16":{"start":{"line":63,"column":6},"end":{"line":63,"column":24}},"17":{"start":{"line":66,"column":4},"end":{"line":66,"column":23}},"18":{"start":{"line":69,"column":17},"end":{"line":75,"column":3}},"19":{"start":{"line":70,"column":4},"end":{"line":74,"column":5}},"20":{"start":{"line":71,"column":6},"end":{"line":71,"column":63}},"21":{"start":{"line":73,"column":6},"end":{"line":73,"column":18}},"22":{"start":{"line":77,"column":17},"end":{"line":83,"column":3}},"23":{"start":{"line":78,"column":4},"end":{"line":82,"column":5}},"24":{"start":{"line":79,"column":6},"end":{"line":79,"column":67}},"25":{"start":{"line":81,"column":6},"end":{"line":81,"column":18}},"26":{"start":{"line":85,"column":18},"end":{"line":91,"column":3}},"27":{"start":{"line":86,"column":4},"end":{"line":90,"column":5}},"28":{"start":{"line":87,"column":6},"end":{"line":87,"column":29}},"29":{"start":{"line":89,"column":6},"end":{"line":89,"column":18}},"30":{"start":{"line":93,"column":24},"end":{"line":99,"column":3}},"31":{"start":{"line":94,"column":4},"end":{"line":98,"column":5}},"32":{"start":{"line":95,"column":6},"end":{"line":95,"column":49}},"33":{"start":{"line":97,"column":6},"end":{"line":97,"column":18}},"34":{"start":{"line":101,"column":27},"end":{"line":111,"column":3}},"35":{"start":{"line":102,"column":4},"end":{"line":110,"column":5}},"36":{"start":{"line":103,"column":21},"end":{"line":103,"column":40}},"37":{"start":{"line":104,"column":6},"end":{"line":106,"column":7}},"38":{"start":{"line":105,"column":8},"end":{"line":105,"column":53}},"39":{"start":{"line":108,"column":6},"end":{"line":108,"column":52}},"40":{"start":{"line":109,"column":6},"end":{"line":109,"column":18}},"41":{"start":{"line":113,"column":26},"end":{"line":131,"column":3}},"42":{"start":{"line":114,"column":4},"end":{"line":130,"column":5}},"43":{"start":{"line":115,"column":6},"end":{"line":127,"column":7}},"44":{"start":{"line":116,"column":27},"end":{"line":121,"column":10}},"45":{"start":{"line":123,"column":34},"end":{"line":123,"column":44}},"46":{"start":{"line":124,"column":25},"end":{"line":124,"column":60}},"47":{"start":{"line":125,"column":32},"end":{"line":125,"column":67}},"48":{"start":{"line":126,"column":8},"end":{"line":126,"column":59}},"49":{"start":{"line":129,"column":6},"end":{"line":129,"column":18}},"50":{"start":{"line":133,"column":16},"end":{"line":142,"column":3}},"51":{"start":{"line":144,"column":2},"end":{"line":148,"column":4}},"52":{"start":{"line":152,"column":18},"end":{"line":152,"column":41}},"53":{"start":{"line":153,"column":2},"end":{"line":155,"column":3}},"54":{"start":{"line":154,"column":4},"end":{"line":154,"column":74}},"55":{"start":{"line":156,"column":2},"end":{"line":156,"column":17}}},"fnMap":{"0":{"name":"(anonymous_0)","decl":{"start":{"line":25,"column":10},"end":{"line":25,"column":11}},"loc":{"start":{"line":25,"column":22},"end":{"line":25,"column":24}},"line":25},"1":{"name":"(anonymous_1)","decl":{"start":{"line":26,"column":10},"end":{"line":26,"column":11}},"loc":{"start":{"line":26,"column":22},"end":{"line":26,"column":24}},"line":26},"2":{"name":"(anonymous_2)","decl":{"start":{"line":27,"column":11},"end":{"line":27,"column":12}},"loc":{"start":{"line":27,"column":23},"end":{"line":27,"column":25}},"line":27},"3":{"name":"(anonymous_3)","decl":{"start":{"line":28,"column":17},"end":{"line":28,"column":18}},"loc":{"start":{"line":28,"column":29},"end":{"line":28,"column":31}},"line":28},"4":{"name":"(anonymous_4)","decl":{"start":{"line":29,"column":20},"end":{"line":29,"column":21}},"loc":{"start":{"line":29,"column":32},"end":{"line":29,"column":34}},"line":29},"5":{"name":"(anonymous_5)","decl":{"start":{"line":30,"column":19},"end":{"line":30,"column":20}},"loc":{"start":{"line":30,"column":31},"end":{"line":30,"column":33}},"line":30},"6":{"name":"AuthProvider","decl":{"start":{"line":33,"column":9},"end":{"line":33,"column":21}},"loc":{"start":{"line":33,"column":67},"end":{"line":149,"column":1}},"line":33},"7":{"name":"(anonymous_7)","decl":{"start":{"line":47,"column":12},"end":{"line":47,"column":13}},"loc":{"start":{"line":47,"column":18},"end":{"line":58,"column":3}},"line":47},"8":{"name":"(anonymous_8)","decl":{"start":{"line":52,"column":15},"end":{"line":52,"column":16}},"loc":{"start":{"line":52,"column":24},"end":{"line":54,"column":9}},"line":52},"9":{"name":"(anonymous_9)","decl":{"start":{"line":60,"column":12},"end":{"line":60,"column":13}},"loc":{"start":{"line":60,"column":18},"end":{"line":67,"column":3}},"line":60},"10":{"name":"(anonymous_10)","decl":{"start":{"line":61,"column":50},"end":{"line":61,"column":51}},"loc":{"start":{"line":61,"column":60},"end":{"line":64,"column":5}},"line":61},"11":{"name":"(anonymous_11)","decl":{"start":{"line":69,"column":17},"end":{"line":69,"column":18}},"loc":{"start":{"line":69,"column":60},"end":{"line":75,"column":3}},"line":69},"12":{"name":"(anonymous_12)","decl":{"start":{"line":77,"column":17},"end":{"line":77,"column":18}},"loc":{"start":{"line":77,"column":60},"end":{"line":83,"column":3}},"line":77},"13":{"name":"(anonymous_13)","decl":{"start":{"line":85,"column":18},"end":{"line":85,"column":19}},"loc":{"start":{"line":85,"column":30},"end":{"line":91,"column":3}},"line":85},"14":{"name":"(anonymous_14)","decl":{"start":{"line":93,"column":24},"end":{"line":93,"column":25}},"loc":{"start":{"line":93,"column":49},"end":{"line":99,"column":3}},"line":93},"15":{"name":"(anonymous_15)","decl":{"start":{"line":101,"column":27},"end":{"line":101,"column":28}},"loc":{"start":{"line":101,"column":39},"end":{"line":111,"column":3}},"line":101},"16":{"name":"(anonymous_16)","decl":{"start":{"line":113,"column":26},"end":{"line":113,"column":27}},"loc":{"start":{"line":113,"column":38},"end":{"line":131,"column":3}},"line":113},"17":{"name":"useAuthContext","decl":{"start":{"line":151,"column":16},"end":{"line":151,"column":30}},"loc":{"start":{"line":151,"column":33},"end":{"line":157,"column":1}},"line":151}},"branchMap":{"0":{"loc":{"start":{"line":48,"column":4},"end":{"line":57,"column":5}},"type":"if","locations":[{"start":{"line":48,"column":4},"end":{"line":57,"column":5}},{"start":{"line":55,"column":11},"end":{"line":57,"column":5}}],"line":48},"1":{"loc":{"start":{"line":55,"column":11},"end":{"line":57,"column":5}},"type":"if","locations":[{"start":{"line":55,"column":11},"end":{"line":57,"column":5}},{"start":{},"end":{}}],"line":55},"2":{"loc":{"start":{"line":104,"column":6},"end":{"line":106,"column":7}},"type":"if","locations":[{"start":{"line":104,"column":6},"end":{"line":106,"column":7}},{"start":{},"end":{}}],"line":104},"3":{"loc":{"start":{"line":115,"column":6},"end":{"line":127,"column":7}},"type":"if","locations":[{"start":{"line":115,"column":6},"end":{"line":127,"column":7}},{"start":{},"end":{}}],"line":115},"4":{"loc":{"start":{"line":153,"column":2},"end":{"line":155,"column":3}},"type":"if","locations":[{"start":{"line":153,"column":2},"end":{"line":155,"column":3}},{"start":{},"end":{}}],"line":153}},"s":{"0":0,"1":0,"2":0,"3":0,"4":0,"5":0,"6":0,"7":0,"8":0,"9":0,"10":0,"11":0,"12":0,"13":0,"14":0,"15":0,"16":0,"17":0,"18":0,"19":0,"20":0,"21":0,"22":0,"23":0,"24":0,"25":0,"26":0,"27":0,"28":0,"29":0,"30":0,"31":0,"32":0,"33":0,"34":0,"35":0,"36":0,"37":0,"38":0,"39":0,"40":0,"41":0,"42":0,"43":0,"44":0,"45":0,"46":0,"47":0,"48":0,"49":0,"50":0,"51":0,"52":0,"53":0,"54":0,"55":0},"f":{"0":0,"1":0,"2":0,"3":0,"4":0,"5":0,"6":0,"7":0,"8":0,"9":0,"10":0,"11":0,"12":0,"13":0,"14":0,"15":0,"16":0,"17":0},"b":{"0":[0,0],"1":[0,0],"2":[0,0],"3":[0,0],"4":[0,0]}}
,"C:\\Code\\3Chords\\app\\hooks\\useAuth.ts": {"path":"C:\\Code\\3Chords\\app\\hooks\\useAuth.ts","statementMap":{"0":{"start":{"line":5,"column":26},"end":{"line":5,"column":71}},"1":{"start":{"line":6,"column":32},"end":{"line":6,"column":46}},"2":{"start":{"line":8,"column":2},"end":{"line":16,"column":9}},"3":{"start":{"line":9,"column":24},"end":{"line":12,"column":6}},"4":{"start":{"line":10,"column":6},"end":{"line":10,"column":20}},"5":{"start":{"line":11,"column":6},"end":{"line":11,"column":24}},"6":{"start":{"line":15,"column":4},"end":{"line":15,"column":23}},"7":{"start":{"line":18,"column":2},"end":{"line":18,"column":27}}},"fnMap":{"0":{"name":"useAuth","decl":{"start":{"line":4,"column":16},"end":{"line":4,"column":23}},"loc":{"start":{"line":4,"column":26},"end":{"line":19,"column":1}},"line":4},"1":{"name":"(anonymous_1)","decl":{"start":{"line":8,"column":12},"end":{"line":8,"column":13}},"loc":{"start":{"line":8,"column":18},"end":{"line":16,"column":3}},"line":8},"2":{"name":"(anonymous_2)","decl":{"start":{"line":9,"column":50},"end":{"line":9,"column":51}},"loc":{"start":{"line":9,"column":60},"end":{"line":12,"column":5}},"line":9}},"branchMap":{},"s":{"0":0,"1":0,"2":0,"3":0,"4":0,"5":0,"6":0,"7":0},"f":{"0":0,"1":0,"2":0},"b":{}}
,"C:\\Code\\3Chords\\app\\services\\auth.ts": {"path":"C:\\Code\\3Chords\\app\\services\\auth.ts","statementMap":{"0":{"start":{"line":3,"column":22},"end":{"line":5,"column":1}},"1":{"start":{"line":4,"column":2},"end":{"line":4,"column":60}},"2":{"start":{"line":7,"column":22},"end":{"line":9,"column":1}},"3":{"start":{"line":8,"column":2},"end":{"line":8,"column":64}},"4":{"start":{"line":11,"column":31},"end":{"line":19,"column":1}},"5":{"start":{"line":12,"column":2},"end":{"line":18,"column":3}},"6":{"start":{"line":13,"column":27},"end":{"line":13,"column":56}},"7":{"start":{"line":14,"column":4},"end":{"line":14,"column":31}},"8":{"start":{"line":16,"column":4},"end":{"line":16,"column":46}},"9":{"start":{"line":17,"column":4},"end":{"line":17,"column":16}},"10":{"start":{"line":21,"column":35},"end":{"line":29,"column":1}},"11":{"start":{"line":22,"column":2},"end":{"line":28,"column":3}},"12":{"start":{"line":23,"column":27},"end":{"line":23,"column":56}},"13":{"start":{"line":24,"column":4},"end":{"line":24,"column":31}},"14":{"start":{"line":26,"column":4},"end":{"line":26,"column":49}},"15":{"start":{"line":27,"column":4},"end":{"line":27,"column":16}}},"fnMap":{"0":{"name":"(anonymous_0)","decl":{"start":{"line":3,"column":22},"end":{"line":3,"column":23}},"loc":{"start":{"line":3,"column":59},"end":{"line":5,"column":1}},"line":3},"1":{"name":"(anonymous_1)","decl":{"start":{"line":7,"column":22},"end":{"line":7,"column":23}},"loc":{"start":{"line":7,"column":59},"end":{"line":9,"column":1}},"line":7},"2":{"name":"(anonymous_2)","decl":{"start":{"line":11,"column":31},"end":{"line":11,"column":32}},"loc":{"start":{"line":11,"column":74},"end":{"line":19,"column":1}},"line":11},"3":{"name":"(anonymous_3)","decl":{"start":{"line":21,"column":35},"end":{"line":21,"column":36}},"loc":{"start":{"line":21,"column":78},"end":{"line":29,"column":1}},"line":21}},"branchMap":{},"s":{"0":0,"1":0,"2":0,"3":0,"4":0,"5":0,"6":0,"7":0,"8":0,"9":0,"10":0,"11":0,"12":0,"13":0,"14":0,"15":0},"f":{"0":0,"1":0,"2":0,"3":0},"b":{}}
,"C:\\Code\\3Chords\\app\\services\\userProfile.ts": {"path":"C:\\Code\\3Chords\\app\\services\\userProfile.ts","statementMap":{"0":{"start":{"line":9,"column":47},"end":{"line":14,"column":3}},"1":{"start":{"line":16,"column":2},"end":{"line":20,"column":5}},"2":{"start":{"line":24,"column":18},"end":{"line":24,"column":64}},"3":{"start":{"line":26,"column":2},"end":{"line":34,"column":3}},"4":{"start":{"line":27,"column":17},"end":{"line":27,"column":31}},"5":{"start":{"line":28,"column":4},"end":{"line":33,"column":21}},"6":{"start":{"line":36,"column":2},"end":{"line":36,"column":14}},"7":{"start":{"line":39,"column":33},"end":{"line":50,"column":1}},"8":{"start":{"line":40,"column":2},"end":{"line":49,"column":3}},"9":{"start":{"line":41,"column":4},"end":{"line":44,"column":7}},"10":{"start":{"line":45,"column":4},"end":{"line":45,"column":16}},"11":{"start":{"line":47,"column":4},"end":{"line":47,"column":57}},"12":{"start":{"line":48,"column":4},"end":{"line":48,"column":17}}},"fnMap":{"0":{"name":"createUserProfile","decl":{"start":{"line":4,"column":22},"end":{"line":4,"column":39}},"loc":{"start":{"line":8,"column":17},"end":{"line":21,"column":1}},"line":8},"1":{"name":"getUserProfile","decl":{"start":{"line":23,"column":22},"end":{"line":23,"column":36}},"loc":{"start":{"line":23,"column":82},"end":{"line":37,"column":1}},"line":23},"2":{"name":"(anonymous_2)","decl":{"start":{"line":39,"column":33},"end":{"line":39,"column":34}},"loc":{"start":{"line":39,"column":70},"end":{"line":50,"column":1}},"line":39}},"branchMap":{"0":{"loc":{"start":{"line":26,"column":2},"end":{"line":34,"column":3}},"type":"if","locations":[{"start":{"line":26,"column":2},"end":{"line":34,"column":3}},{"start":{},"end":{}}],"line":26}},"s":{"0":0,"1":0,"2":0,"3":0,"4":0,"5":0,"6":0,"7":0,"8":0,"9":0,"10":0,"11":0,"12":0},"f":{"0":0,"1":0,"2":0},"b":{"0":[0,0]}}
,"C:\\Code\\3Chords\\app\\types\\user.ts": {"path":"C:\\Code\\3Chords\\app\\types\\user.ts","statementMap":{},"fnMap":{},"branchMap":{},"s":{},"f":{},"b":{}}
,"C:\\Code\\3Chords\\app\\utils\\fonts.ts": {"path":"C:\\Code\\3Chords\\app\\utils\\fonts.ts","statementMap":{"0":{"start":{"line":11,"column":27},"end":{"line":25,"column":1}},"1":{"start":{"line":12,"column":2},"end":{"line":24,"column":3}},"2":{"start":{"line":13,"column":26},"end":{"line":19,"column":6}},"3":{"start":{"line":20,"column":4},"end":{"line":20,"column":23}},"4":{"start":{"line":22,"column":4},"end":{"line":22,"column":47}},"5":{"start":{"line":23,"column":4},"end":{"line":23,"column":17}},"6":{"start":{"line":28,"column":29},"end":{"line":55,"column":1}},"7":{"start":{"line":29,"column":2},"end":{"line":54,"column":3}},"8":{"start":{"line":31,"column":4},"end":{"line":33,"column":5}},"9":{"start":{"line":32,"column":6},"end":{"line":32,"column":22}},"10":{"start":{"line":36,"column":4},"end":{"line":38,"column":5}},"11":{"start":{"line":37,"column":6},"end":{"line":37,"column":22}},"12":{"start":{"line":41,"column":4},"end":{"line":50,"column":5}},"13":{"start":{"line":43,"column":8},"end":{"line":43,"column":30}},"14":{"start":{"line":45,"column":8},"end":{"line":45,"column":32}},"15":{"start":{"line":47,"column":8},"end":{"line":47,"column":28}},"16":{"start":{"line":49,"column":8},"end":{"line":49,"column":23}},"17":{"start":{"line":52,"column":4},"end":{"line":52,"column":57}},"18":{"start":{"line":53,"column":4},"end":{"line":53,"column":20}},"19":{"start":{"line":58,"column":37},"end":{"line":80,"column":1}},"20":{"start":{"line":59,"column":2},"end":{"line":79,"column":3}},"21":{"start":{"line":60,"column":23},"end":{"line":60,"column":63}},"22":{"start":{"line":63,"column":4},"end":{"line":73,"column":5}},"23":{"start":{"line":65,"column":6},"end":{"line":67,"column":7}},"24":{"start":{"line":66,"column":8},"end":{"line":66,"column":24}},"25":{"start":{"line":70,"column":6},"end":{"line":72,"column":7}},"26":{"start":{"line":71,"column":8},"end":{"line":71,"column":24}},"27":{"start":{"line":75,"column":4},"end":{"line":75,"column":22}},"28":{"start":{"line":77,"column":4},"end":{"line":77,"column":66}},"29":{"start":{"line":78,"column":4},"end":{"line":78,"column":20}},"30":{"start":{"line":83,"column":32},"end":{"line":97,"column":1}},"31":{"start":{"line":84,"column":2},"end":{"line":96,"column":3}},"32":{"start":{"line":85,"column":4},"end":{"line":85,"column":37}},"33":{"start":{"line":87,"column":4},"end":{"line":87,"column":49}},"34":{"start":{"line":89,"column":4},"end":{"line":95,"column":6}}},"fnMap":{"0":{"name":"(anonymous_0)","decl":{"start":{"line":11,"column":27},"end":{"line":11,"column":28}},"loc":{"start":{"line":11,"column":33},"end":{"line":25,"column":1}},"line":11},"1":{"name":"(anonymous_1)","decl":{"start":{"line":28,"column":29},"end":{"line":28,"column":30}},"loc":{"start":{"line":28,"column":113},"end":{"line":55,"column":1}},"line":28},"2":{"name":"(anonymous_2)","decl":{"start":{"line":58,"column":37},"end":{"line":58,"column":38}},"loc":{"start":{"line":58,"column":121},"end":{"line":80,"column":1}},"line":58},"3":{"name":"(anonymous_3)","decl":{"start":{"line":83,"column":32},"end":{"line":83,"column":33}},"loc":{"start":{"line":83,"column":103},"end":{"line":97,"column":1}},"line":83}},"branchMap":{"0":{"loc":{"start":{"line":28,"column":52},"end":{"line":28,"column":82}},"type":"default-arg","locations":[{"start":{"line":28,"column":73},"end":{"line":28,"column":82}}],"line":28},"1":{"loc":{"start":{"line":28,"column":84},"end":{"line":28,"column":108}},"type":"default-arg","locations":[{"start":{"line":28,"column":101},"end":{"line":28,"column":108}}],"line":28},"2":{"loc":{"start":{"line":31,"column":4},"end":{"line":33,"column":5}},"type":"if","locations":[{"start":{"line":31,"column":4},"end":{"line":33,"column":5}},{"start":{},"end":{}}],"line":31},"3":{"loc":{"start":{"line":36,"column":4},"end":{"line":38,"column":5}},"type":"if","locations":[{"start":{"line":36,"column":4},"end":{"line":38,"column":5}},{"start":{},"end":{}}],"line":36},"4":{"loc":{"start":{"line":36,"column":8},"end":{"line":36,"column":46}},"type":"binary-expr","locations":[{"start":{"line":36,"column":8},"end":{"line":36,"column":25}},{"start":{"line":36,"column":29},"end":{"line":36,"column":46}}],"line":36},"5":{"loc":{"start":{"line":41,"column":4},"end":{"line":50,"column":5}},"type":"switch","locations":[{"start":{"line":42,"column":6},"end":{"line":43,"column":30}},{"start":{"line":44,"column":6},"end":{"line":45,"column":32}},{"start":{"line":46,"column":6},"end":{"line":47,"column":28}},{"start":{"line":48,"column":6},"end":{"line":49,"column":23}}],"line":41},"6":{"loc":{"start":{"line":58,"column":60},"end":{"line":58,"column":90}},"type":"default-arg","locations":[{"start":{"line":58,"column":81},"end":{"line":58,"column":90}}],"line":58},"7":{"loc":{"start":{"line":58,"column":92},"end":{"line":58,"column":116}},"type":"default-arg","locations":[{"start":{"line":58,"column":109},"end":{"line":58,"column":116}}],"line":58},"8":{"loc":{"start":{"line":63,"column":4},"end":{"line":73,"column":5}},"type":"if","locations":[{"start":{"line":63,"column":4},"end":{"line":73,"column":5}},{"start":{},"end":{}}],"line":63},"9":{"loc":{"start":{"line":65,"column":6},"end":{"line":67,"column":7}},"type":"if","locations":[{"start":{"line":65,"column":6},"end":{"line":67,"column":7}},{"start":{},"end":{}}],"line":65},"10":{"loc":{"start":{"line":70,"column":6},"end":{"line":72,"column":7}},"type":"if","locations":[{"start":{"line":70,"column":6},"end":{"line":72,"column":7}},{"start":{},"end":{}}],"line":70}},"s":{"0":0,"1":0,"2":0,"3":0,"4":0,"5":0,"6":0,"7":0,"8":0,"9":0,"10":0,"11":0,"12":0,"13":0,"14":0,"15":0,"16":0,"17":0,"18":0,"19":0,"20":0,"21":0,"22":0,"23":0,"24":0,"25":0,"26":0,"27":0,"28":0,"29":0,"30":0,"31":0,"32":0,"33":0,"34":0},"f":{"0":0,"1":0,"2":0,"3":0},"b":{"0":[0],"1":[0],"2":[0,0],"3":[0,0],"4":[0,0],"5":[0,0,0,0],"6":[0],"7":[0],"8":[0,0],"9":[0,0],"10":[0,0]}}
,"C:\\Code\\3Chords\\app\\utils\\stripe.ts": {"path":"C:\\Code\\3Chords\\app\\utils\\stripe.ts","statementMap":{"0":{"start":{"line":4,"column":38},"end":{"line":4,"column":147}},"1":{"start":{"line":6,"column":32},"end":{"line":16,"column":1}},"2":{"start":{"line":7,"column":2},"end":{"line":15,"column":3}},"3":{"start":{"line":8,"column":4},"end":{"line":12,"column":7}},"4":{"start":{"line":14,"column":4},"end":{"line":14,"column":57}},"5":{"start":{"line":18,"column":35},"end":{"line":23,"column":10}}},"fnMap":{"0":{"name":"(anonymous_0)","decl":{"start":{"line":6,"column":32},"end":{"line":6,"column":33}},"loc":{"start":{"line":6,"column":44},"end":{"line":16,"column":1}},"line":6}},"branchMap":{},"s":{"0":0,"1":0,"2":0,"3":0,"4":0,"5":0},"f":{"0":0},"b":{}}
}
