TN:
SF:app\+not-found.tsx
FN:5,NotFoundScreen
FNF:1
FNH:0
FNDA:0,NotFoundScreen
DA:6,0
DA:19,0
LF:2
LH:0
BRF:0
BRH:0
end_of_record
TN:
SF:app\_layout.tsx
FN:19,RootLayout
FN:23,(anonymous_1)
FN:29,(anonymous_2)
FNF:3
FNH:0
FNDA:0,RootLayout
FNDA:0,(anonymous_1)
FNDA:0,(anonymous_2)
DA:13,0
DA:14,0
DA:17,0
DA:20,0
DA:21,0
DA:23,0
DA:24,0
DA:25,0
DA:29,0
DA:30,0
DA:34,0
DA:35,0
DA:38,0
LF:13
LH:0
BRDA:13,0,0,0
BRDA:13,0,1,0
BRDA:24,1,0,0
BRDA:24,1,1,0
BRDA:24,2,0,0
BRDA:24,2,1,0
BRDA:34,3,0,0
BRDA:34,3,1,0
BRDA:34,4,0,0
BRDA:34,4,1,0
BRF:10
BRH:0
end_of_record
TN:
SF:app\(auth)\assessment.tsx
FN:21,(anonymous_0)
FN:164,AssessmentScreen
FN:177,(anonymous_2)
FN:185,(anonymous_3)
FN:203,(anonymous_4)
FN:206,(anonymous_5)
FN:208,(anonymous_6)
FN:214,(anonymous_7)
FN:241,(anonymous_8)
FN:269,(anonymous_9)
FN:277,(anonymous_10)
FNF:11
FNH:0
FNDA:0,(anonymous_0)
FNDA:0,AssessmentScreen
FNDA:0,(anonymous_2)
FNDA:0,(anonymous_3)
FNDA:0,(anonymous_4)
FNDA:0,(anonymous_5)
FNDA:0,(anonymous_6)
FNDA:0,(anonymous_7)
FNDA:0,(anonymous_8)
FNDA:0,(anonymous_9)
FNDA:0,(anonymous_10)
DA:10,0
DA:21,0
DA:165,0
DA:166,0
DA:167,0
DA:168,0
DA:169,0
DA:170,0
DA:171,0
DA:172,0
DA:174,0
DA:175,0
DA:177,0
DA:178,0
DA:179,0
DA:181,0
DA:185,0
DA:186,0
DA:188,0
DA:189,0
DA:190,0
DA:191,0
DA:192,0
DA:193,0
DA:196,0
DA:197,0
DA:199,0
DA:203,0
DA:204,0
DA:206,0
DA:207,0
DA:208,0
DA:210,0
DA:214,0
DA:215,0
DA:217,0
DA:218,0
DA:224,0
DA:225,0
DA:226,0
DA:228,0
DA:229,0
DA:232,0
DA:233,0
DA:234,0
DA:236,0
DA:237,0
DA:241,0
DA:242,0
DA:243,0
DA:246,0
DA:247,0
DA:254,0
DA:270,0
DA:277,0
LF:55
LH:0
BRDA:178,0,0,0
BRDA:178,0,1,0
BRDA:186,1,0,0
BRDA:186,1,1,0
BRDA:190,2,0,0
BRDA:190,2,1,0
BRDA:204,3,0,0
BRDA:204,3,1,0
BRDA:207,4,0,0
BRDA:207,4,1,0
BRDA:215,5,0,0
BRDA:215,5,1,0
BRDA:224,6,0,0
BRDA:224,6,1,0
BRDA:246,7,0,0
BRDA:246,7,1,0
BRDA:258,8,0,0
BRDA:258,8,1,0
BRDA:274,9,0,0
BRDA:274,9,1,0
BRDA:275,10,0,0
BRDA:275,10,1,0
BRDA:283,11,0,0
BRDA:283,11,1,0
BRDA:296,12,0,0
BRDA:296,12,1,0
BRDA:309,13,0,0
BRDA:309,13,1,0
BRDA:319,14,0,0
BRDA:319,14,1,0
BRDA:322,15,0,0
BRDA:322,15,1,0
BRF:32
BRH:0
end_of_record
TN:
SF:app\(auth)\index.tsx
FN:11,AuthScreen
FN:19,(anonymous_1)
FN:38,(anonymous_2)
FN:57,(anonymous_3)
FNF:4
FNH:0
FNDA:0,AuthScreen
FNDA:0,(anonymous_1)
FNDA:0,(anonymous_2)
FNDA:0,(anonymous_3)
DA:9,0
DA:13,0
DA:19,0
DA:20,0
DA:21,0
DA:23,0
DA:27,0
DA:38,0
DA:57,0
DA:66,0
LF:10
LH:0
BRDA:20,0,0,0
BRDA:20,0,1,0
BRF:2
BRH:0
end_of_record
TN:
SF:app\(auth)\payment.tsx
FN:41,PaymentScreen
FN:46,(anonymous_1)
FN:91,(anonymous_2)
FN:99,(anonymous_3)
FN:110,(anonymous_4)
FNF:5
FNH:0
FNDA:0,PaymentScreen
FNDA:0,(anonymous_1)
FNDA:0,(anonymous_2)
FNDA:0,(anonymous_3)
FNDA:0,(anonymous_4)
DA:9,0
DA:42,0
DA:43,0
DA:44,0
DA:46,0
DA:47,0
DA:48,0
DA:51,0
DA:54,0
DA:59,0
DA:60,0
DA:61,0
DA:65,0
DA:67,0
DA:68,0
DA:69,0
DA:73,0
DA:75,0
DA:77,0
DA:81,0
DA:92,0
DA:99,0
DA:111,0
DA:135,0
LF:24
LH:0
BRDA:59,0,0,0
BRDA:59,0,1,0
BRDA:67,1,0,0
BRDA:67,1,1,0
BRDA:96,2,0,0
BRDA:96,2,1,0
BRDA:97,3,0,0
BRDA:97,3,1,0
BRDA:101,4,0,0
BRDA:101,4,1,0
BRDA:122,5,0,0
BRDA:122,5,1,0
BRDA:127,6,0,0
BRDA:127,6,1,0
BRF:14
BRH:0
end_of_record
TN:
SF:app\(auth)\sign-in.tsx
FN:9,(anonymous_0)
FN:107,SignInScreen
FN:116,(anonymous_2)
FN:189,(anonymous_3)
FNF:4
FNH:0
FNDA:0,(anonymous_0)
FNDA:0,SignInScreen
FNDA:0,(anonymous_2)
FNDA:0,(anonymous_3)
DA:9,0
DA:108,0
DA:109,0
DA:110,0
DA:111,0
DA:113,0
DA:114,0
DA:116,0
DA:117,0
DA:118,0
DA:119,0
DA:122,0
DA:123,0
DA:124,0
DA:125,0
DA:127,0
DA:128,0
DA:130,0
DA:134,0
DA:189,0
LF:20
LH:0
BRDA:117,0,0,0
BRDA:117,0,1,0
BRDA:117,1,0,0
BRDA:117,1,1,0
BRDA:163,2,0,0
BRDA:163,2,1,0
BRDA:168,3,0,0
BRDA:168,3,1,0
BRF:8
BRH:0
end_of_record
TN:
SF:app\(auth)\signup.tsx
FN:9,(anonymous_0)
FN:107,SignUpScreen
FN:117,(anonymous_2)
FN:203,(anonymous_3)
FNF:4
FNH:0
FNDA:0,(anonymous_0)
FNDA:0,SignUpScreen
FNDA:0,(anonymous_2)
FNDA:0,(anonymous_3)
DA:9,0
DA:108,0
DA:109,0
DA:110,0
DA:111,0
DA:112,0
DA:114,0
DA:115,0
DA:117,0
DA:118,0
DA:119,0
DA:120,0
DA:123,0
DA:124,0
DA:125,0
DA:128,0
DA:129,0
DA:130,0
DA:131,0
DA:133,0
DA:134,0
DA:136,0
DA:140,0
DA:203,0
LF:24
LH:0
BRDA:118,0,0,0
BRDA:118,0,1,0
BRDA:118,1,0,0
BRDA:118,1,1,0
BRDA:118,1,2,0
BRDA:123,2,0,0
BRDA:123,2,1,0
BRDA:177,3,0,0
BRDA:177,3,1,0
BRDA:182,4,0,0
BRDA:182,4,1,0
BRF:11
BRH:0
end_of_record
TN:
SF:app\(auth)\subscription.tsx
FN:38,SubscriptionScreen
FN:45,(anonymous_1)
FN:77,(anonymous_2)
FN:87,(anonymous_3)
FN:96,(anonymous_4)
FNF:5
FNH:0
FNDA:0,SubscriptionScreen
FNDA:0,(anonymous_1)
FNDA:0,(anonymous_2)
FNDA:0,(anonymous_3)
FNDA:0,(anonymous_4)
DA:5,0
DA:39,0
DA:45,0
DA:78,0
DA:88,0
DA:96,0
DA:107,0
LF:7
LH:0
BRDA:83,0,0,0
BRDA:83,0,1,0
BRF:2
BRH:0
end_of_record
TN:
SF:app\(auth)\welcome.tsx
FN:7,WelcomeScreen
FN:17,(anonymous_1)
FN:48,(anonymous_2)
FNF:3
FNH:0
FNDA:0,WelcomeScreen
FNDA:0,(anonymous_1)
FNDA:0,(anonymous_2)
DA:8,0
DA:17,0
DA:48,0
DA:57,0
LF:4
LH:0
BRF:0
BRH:0
end_of_record
TN:
SF:app\(onboarding)\_layout.tsx
FN:3,OnboardingLayout
FNF:1
FNH:0
FNDA:0,OnboardingLayout
DA:4,0
LF:1
LH:0
BRF:0
BRH:0
end_of_record
TN:
SF:app\(onboarding)\index.tsx
FN:55,OnboardingScreen
FN:59,(anonymous_1)
FN:67,(anonymous_2)
FN:100,(anonymous_3)
FN:145,(anonymous_4)
FNF:5
FNH:0
FNDA:0,OnboardingScreen
FNDA:0,(anonymous_1)
FNDA:0,(anonymous_2)
FNDA:0,(anonymous_3)
FNDA:0,(anonymous_4)
DA:13,0
DA:15,0
DA:56,0
DA:57,0
DA:59,0
DA:60,0
DA:61,0
DA:63,0
DA:67,0
DA:68,0
DA:70,0
DA:101,0
DA:146,0
DA:166,0
DA:173,0
LF:15
LH:0
BRDA:60,0,0,0
BRDA:60,0,1,0
BRDA:81,1,0,0
BRDA:81,1,1,0
BRDA:88,2,0,0
BRDA:88,2,1,0
BRDA:122,3,0,0
BRDA:122,3,1,0
BRDA:138,4,0,0
BRDA:138,4,1,0
BRDA:150,5,0,0
BRDA:150,5,1,0
BRDA:157,6,0,0
BRDA:157,6,1,0
BRF:14
BRH:0
end_of_record
TN:
SF:app\(tabs)\_layout.tsx
FN:5,TabLayout
FN:22,(anonymous_1)
FN:29,(anonymous_2)
FN:36,(anonymous_3)
FN:43,(anonymous_4)
FN:50,(anonymous_5)
FN:57,(anonymous_6)
FNF:7
FNH:0
FNDA:0,TabLayout
FNDA:0,(anonymous_1)
FNDA:0,(anonymous_2)
FNDA:0,(anonymous_3)
FNDA:0,(anonymous_4)
FNDA:0,(anonymous_5)
FNDA:0,(anonymous_6)
DA:6,0
DA:22,0
DA:29,0
DA:36,0
DA:43,0
DA:50,0
DA:57,0
LF:7
LH:0
BRF:0
BRH:0
end_of_record
TN:
SF:app\(tabs)\about.tsx
FN:4,AboutScreen
FNF:1
FNH:0
FNDA:0,AboutScreen
DA:5,0
DA:37,0
LF:2
LH:0
BRF:0
BRH:0
end_of_record
TN:
SF:app\(tabs)\events.tsx
FN:21,EventsScreen
FN:26,(anonymous_1)
FN:30,(anonymous_2)
FN:34,(anonymous_3)
FN:43,(anonymous_4)
FN:47,(anonymous_5)
FN:61,(anonymous_6)
FN:62,(anonymous_7)
FN:65,(anonymous_8)
FN:75,(anonymous_9)
FN:82,(anonymous_10)
FN:83,(anonymous_11)
FN:86,(anonymous_12)
FN:87,(anonymous_13)
FN:122,(anonymous_14)
FN:128,(anonymous_15)
FN:141,(anonymous_16)
FN:158,(anonymous_17)
FN:179,(anonymous_18)
FNF:19
FNH:0
FNDA:0,EventsScreen
FNDA:0,(anonymous_1)
FNDA:0,(anonymous_2)
FNDA:0,(anonymous_3)
FNDA:0,(anonymous_4)
FNDA:0,(anonymous_5)
FNDA:0,(anonymous_6)
FNDA:0,(anonymous_7)
FNDA:0,(anonymous_8)
FNDA:0,(anonymous_9)
FNDA:0,(anonymous_10)
FNDA:0,(anonymous_11)
FNDA:0,(anonymous_12)
FNDA:0,(anonymous_13)
FNDA:0,(anonymous_14)
FNDA:0,(anonymous_15)
FNDA:0,(anonymous_16)
FNDA:0,(anonymous_17)
FNDA:0,(anonymous_18)
DA:22,0
DA:23,0
DA:24,0
DA:26,0
DA:27,0
DA:30,0
DA:31,0
DA:34,0
DA:35,0
DA:36,0
DA:41,0
DA:43,0
DA:44,0
DA:47,0
DA:48,0
DA:49,0
DA:50,0
DA:51,0
DA:52,0
DA:53,0
DA:55,0
DA:57,0
DA:61,0
DA:62,0
DA:65,0
DA:66,0
DA:67,0
DA:68,0
DA:69,0
DA:70,0
DA:72,0
DA:73,0
DA:75,0
DA:79,0
DA:82,0
DA:83,0
DA:86,0
DA:87,0
DA:90,0
DA:91,0
DA:98,0
DA:99,0
DA:101,0
DA:123,0
DA:129,0
DA:130,0
DA:131,0
DA:133,0
DA:141,0
DA:159,0
DA:179,0
DA:180,0
DA:182,0
DA:184,0
DA:186,0
DA:188,0
DA:192,0
LF:57
LH:0
BRDA:36,0,0,0
BRDA:36,0,1,0
BRDA:36,0,2,0
BRDA:90,1,0,0
BRDA:90,1,1,0
BRDA:138,2,0,0
BRDA:138,2,1,0
BRDA:139,3,0,0
BRDA:139,3,1,0
BRDA:145,4,0,0
BRDA:145,4,1,0
BRDA:146,5,0,0
BRDA:146,5,1,0
BRDA:150,6,0,0
BRDA:150,6,1,0
BRDA:180,7,0,0
BRDA:180,7,1,0
BRDA:180,7,2,0
BRDA:180,7,3,0
BRF:19
BRH:0
end_of_record
TN:
SF:app\(tabs)\index.tsx
FN:6,HomeScreen
FNF:1
FNH:0
FNDA:0,HomeScreen
DA:9,0
DA:149,0
LF:2
LH:0
BRF:0
BRH:0
end_of_record
TN:
SF:app\(tabs)\testimonials.tsx
FN:3,TestimonialsScreen
FNF:1
FNH:0
FNDA:0,TestimonialsScreen
DA:4,0
DA:14,0
LF:2
LH:0
BRF:0
BRH:0
end_of_record
TN:
SF:app\api\create-subscription.ts
FN:3,handler
FNF:1
FNH:0
FNDA:0,handler
DA:4,0
DA:5,0
DA:8,0
DA:9,0
DA:11,0
DA:12,0
DA:15,0
DA:16,0
DA:18,0
DA:19,0
LF:10
LH:0
BRDA:4,0,0,0
BRDA:4,0,1,0
BRDA:11,1,0,0
BRDA:11,1,1,0
BRF:4
BRH:0
end_of_record
TN:
SF:app\api\stripe.ts
FN:3,createSubscription
FNF:1
FNH:0
FNDA:0,createSubscription
DA:4,0
DA:5,0
DA:6,0
LF:3
LH:0
BRF:0
BRH:0
end_of_record
TN:
SF:app\config\firebase.ts
FN:32,(anonymous_0)
FN:33,(anonymous_1)
FN:34,(anonymous_2)
FNF:3
FNH:0
FNDA:0,(anonymous_0)
FNDA:0,(anonymous_1)
FNDA:0,(anonymous_2)
DA:7,0
DA:17,0
DA:20,0
DA:21,0
DA:22,0
DA:23,0
DA:26,0
DA:27,0
DA:28,0
DA:31,0
DA:32,0
DA:33,0
DA:34,0
LF:13
LH:0
BRF:0
BRH:0
end_of_record
TN:
SF:app\context\AuthContext.tsx
FN:25,(anonymous_0)
FN:26,(anonymous_1)
FN:27,(anonymous_2)
FN:28,(anonymous_3)
FN:29,(anonymous_4)
FN:30,(anonymous_5)
FN:33,AuthProvider
FN:47,(anonymous_7)
FN:52,(anonymous_8)
FN:60,(anonymous_9)
FN:61,(anonymous_10)
FN:69,(anonymous_11)
FN:77,(anonymous_12)
FN:85,(anonymous_13)
FN:93,(anonymous_14)
FN:101,(anonymous_15)
FN:113,(anonymous_16)
FN:151,useAuthContext
FNF:18
FNH:0
FNDA:0,(anonymous_0)
FNDA:0,(anonymous_1)
FNDA:0,(anonymous_2)
FNDA:0,(anonymous_3)
FNDA:0,(anonymous_4)
FNDA:0,(anonymous_5)
FNDA:0,AuthProvider
FNDA:0,(anonymous_7)
FNDA:0,(anonymous_8)
FNDA:0,(anonymous_9)
FNDA:0,(anonymous_10)
FNDA:0,(anonymous_11)
FNDA:0,(anonymous_12)
FNDA:0,(anonymous_13)
FNDA:0,(anonymous_14)
FNDA:0,(anonymous_15)
FNDA:0,(anonymous_16)
FNDA:0,useAuthContext
DA:9,0
DA:22,0
DA:34,0
DA:35,0
DA:37,0
DA:47,0
DA:48,0
DA:49,0
DA:50,0
DA:51,0
DA:53,0
DA:55,0
DA:56,0
DA:60,0
DA:61,0
DA:62,0
DA:63,0
DA:66,0
DA:69,0
DA:70,0
DA:71,0
DA:73,0
DA:77,0
DA:78,0
DA:79,0
DA:81,0
DA:85,0
DA:86,0
DA:87,0
DA:89,0
DA:93,0
DA:94,0
DA:95,0
DA:97,0
DA:101,0
DA:102,0
DA:103,0
DA:104,0
DA:105,0
DA:108,0
DA:109,0
DA:113,0
DA:114,0
DA:115,0
DA:116,0
DA:123,0
DA:124,0
DA:125,0
DA:126,0
DA:129,0
DA:133,0
DA:144,0
DA:152,0
DA:153,0
DA:154,0
DA:156,0
LF:56
LH:0
BRDA:48,0,0,0
BRDA:48,0,1,0
BRDA:55,1,0,0
BRDA:55,1,1,0
BRDA:104,2,0,0
BRDA:104,2,1,0
BRDA:115,3,0,0
BRDA:115,3,1,0
BRDA:153,4,0,0
BRDA:153,4,1,0
BRF:10
BRH:0
end_of_record
TN:
SF:app\hooks\useAuth.ts
FN:4,useAuth
FN:8,(anonymous_1)
FN:9,(anonymous_2)
FNF:3
FNH:0
FNDA:0,useAuth
FNDA:0,(anonymous_1)
FNDA:0,(anonymous_2)
DA:5,0
DA:6,0
DA:8,0
DA:9,0
DA:10,0
DA:11,0
DA:15,0
DA:18,0
LF:8
LH:0
BRF:0
BRH:0
end_of_record
TN:
SF:app\services\auth.ts
FN:3,(anonymous_0)
FN:7,(anonymous_1)
FN:11,(anonymous_2)
FN:21,(anonymous_3)
FNF:4
FNH:0
FNDA:0,(anonymous_0)
FNDA:0,(anonymous_1)
FNDA:0,(anonymous_2)
FNDA:0,(anonymous_3)
DA:3,0
DA:4,0
DA:7,0
DA:8,0
DA:11,0
DA:12,0
DA:13,0
DA:14,0
DA:16,0
DA:17,0
DA:21,0
DA:22,0
DA:23,0
DA:24,0
DA:26,0
DA:27,0
LF:16
LH:0
BRF:0
BRH:0
end_of_record
TN:
SF:app\services\userProfile.ts
FN:4,createUserProfile
FN:23,getUserProfile
FN:39,(anonymous_2)
FNF:3
FNH:0
FNDA:0,createUserProfile
FNDA:0,getUserProfile
FNDA:0,(anonymous_2)
DA:9,0
DA:16,0
DA:24,0
DA:26,0
DA:27,0
DA:28,0
DA:36,0
DA:39,0
DA:40,0
DA:41,0
DA:45,0
DA:47,0
DA:48,0
LF:13
LH:0
BRDA:26,0,0,0
BRDA:26,0,1,0
BRF:2
BRH:0
end_of_record
TN:
SF:app\types\user.ts
FNF:0
FNH:0
LF:0
LH:0
BRF:0
BRH:0
end_of_record
TN:
SF:app\utils\fonts.ts
FN:11,(anonymous_0)
FN:28,(anonymous_1)
FN:58,(anonymous_2)
FN:83,(anonymous_3)
FNF:4
FNH:0
FNDA:0,(anonymous_0)
FNDA:0,(anonymous_1)
FNDA:0,(anonymous_2)
FNDA:0,(anonymous_3)
DA:11,0
DA:12,0
DA:13,0
DA:20,0
DA:22,0
DA:23,0
DA:28,0
DA:29,0
DA:31,0
DA:32,0
DA:36,0
DA:37,0
DA:41,0
DA:43,0
DA:45,0
DA:47,0
DA:49,0
DA:52,0
DA:53,0
DA:58,0
DA:59,0
DA:60,0
DA:63,0
DA:65,0
DA:66,0
DA:70,0
DA:71,0
DA:75,0
DA:77,0
DA:78,0
DA:83,0
DA:84,0
DA:85,0
DA:87,0
DA:89,0
LF:35
LH:0
BRDA:28,0,0,0
BRDA:28,1,0,0
BRDA:31,2,0,0
BRDA:31,2,1,0
BRDA:36,3,0,0
BRDA:36,3,1,0
BRDA:36,4,0,0
BRDA:36,4,1,0
BRDA:41,5,0,0
BRDA:41,5,1,0
BRDA:41,5,2,0
BRDA:41,5,3,0
BRDA:58,6,0,0
BRDA:58,7,0,0
BRDA:63,8,0,0
BRDA:63,8,1,0
BRDA:65,9,0,0
BRDA:65,9,1,0
BRDA:70,10,0,0
BRDA:70,10,1,0
BRF:20
BRH:0
end_of_record
TN:
SF:app\utils\stripe.ts
FN:6,(anonymous_0)
FNF:1
FNH:0
FNDA:0,(anonymous_0)
DA:4,0
DA:6,0
DA:7,0
DA:8,0
DA:14,0
DA:18,0
LF:6
LH:0
BRF:0
BRH:0
end_of_record
